2023-09-06T09:22:42.6513970-03:00  [INF] Now listening on: "http://localhost:5000" (d826f4b8)
2023-09-06T09:22:42.6645356-03:00  [INF] Application started. Press Ctrl+C to shut down. (dcaefe54)
2023-09-06T09:22:42.6647221-03:00  [INF] Hosting environment: "Development" (c3307c92)
2023-09-06T09:22:42.6647616-03:00  [INF] Content root path: "C:\Users\josiane\OneDrive\tii-jacir\projetohotsite" (b5d60022)
2023-09-06T09:26:11.0022994-03:00 0HMTEQHQ24MFT:00000001 [INF] Request starting HTTP/1.1 GET http://localhost:5000/   (ca22a1cb)
2023-09-06T09:26:11.1330001-03:00 0HMTEQHQ24MFT:00000001 [INF] Executing endpoint '"Hotsite.Controllers.HomeController.Index (Hotsite)"' (500cc934)
2023-09-06T09:26:11.3054555-03:00 0HMTEQHQ24MFT:00000001 [INF] Route matched with "{action = \"Index\", controller = \"Home\"}". Executing controller action with signature "Microsoft.AspNetCore.Mvc.IActionResult Index()" on controller "Hotsite.Controllers.HomeController" ("Hotsite"). (122b2fdf)
2023-09-06T09:26:11.4200340-03:00 0HMTEQHQ24MFT:00000001 [INF] Executing ViewResult, running view "Index". (c83d0e25)
2023-09-06T09:26:11.8205446-03:00 0HMTEQHQ24MFT:00000001 [INF] Executed ViewResult - view "Index" executed in 404.5065ms. (f66409e9)
2023-09-06T09:26:11.8212325-03:00 0HMTEQHQ24MFT:00000001 [INF] Executed action "Hotsite.Controllers.HomeController.Index (Hotsite)" in 510.0088ms (afa2e885)
2023-09-06T09:26:11.8219845-03:00 0HMTEQHQ24MFT:00000001 [INF] Executed endpoint '"Hotsite.Controllers.HomeController.Index (Hotsite)"' (99874f2b)
2023-09-06T09:26:11.9048208-03:00 0HMTEQHQ24MFT:00000001 [INF] Request finished in 911.024ms 200 text/html; charset=utf-8 (791a596a)
2023-09-06T09:26:12.0047652-03:00 0HMTEQHQ24MFU:00000001 [INF] Request starting HTTP/1.1 GET http://localhost:5000/lib/jquery/dist/jquery.js   (ca22a1cb)
2023-09-06T09:26:12.1357619-03:00 0HMTEQHQ24MFT:00000002 [INF] Request starting HTTP/1.1 GET http://localhost:5000/lib/bootstrap/dist/css/bootstrap.min.css   (ca22a1cb)
2023-09-06T09:26:12.2811664-03:00 0HMTEQHQ24MG0:00000001 [INF] Request starting HTTP/1.1 GET http://localhost:5000/lib/bootstrap/dist/js/bootstrap.bundle.js   (ca22a1cb)
2023-09-06T09:26:12.3491004-03:00 0HMTEQHQ24MG2:00000001 [INF] Request starting HTTP/1.1 GET http://localhost:5000/imagens/atletica.jpg   (ca22a1cb)
2023-09-06T09:26:12.3826548-03:00 0HMTEQHQ24MFV:00000001 [INF] Request starting HTTP/1.1 GET http://localhost:5000/lib/bootstrap/dist/js/bootstrap.min.js   (ca22a1cb)
2023-09-06T09:26:12.4655614-03:00 0HMTEQHQ24MG1:00000001 [INF] Request starting HTTP/1.1 GET http://localhost:5000/imagens/principal.jpg   (ca22a1cb)
2023-09-06T09:26:12.4988097-03:00 0HMTEQHQ24MFV:00000001 [INF] Sending file. Request path: '"/lib/bootstrap/dist/js/bootstrap.min.js"'. Physical path: '"C:\Users\josiane\OneDrive\tii-jacir\projetohotsite\wwwroot\lib\bootstrap\dist\js\bootstrap.min.js"' (27b0a520)
2023-09-06T09:26:12.4989615-03:00 0HMTEQHQ24MFV:00000001 [INF] Request finished in 116.4178ms 200 application/javascript (791a596a)
2023-09-06T09:26:12.6176912-03:00 0HMTEQHQ24MFT:00000002 [INF] Sending file. Request path: '"/lib/bootstrap/dist/css/bootstrap.min.css"'. Physical path: '"C:\Users\josiane\OneDrive\tii-jacir\projetohotsite\wwwroot\lib\bootstrap\dist\css\bootstrap.min.css"' (27b0a520)
2023-09-06T09:26:12.6183884-03:00 0HMTEQHQ24MFT:00000002 [INF] Request finished in 482.6246ms 200 text/css (791a596a)
2023-09-06T09:26:12.6260690-03:00 0HMTEQHQ24MG0:00000001 [INF] Sending file. Request path: '"/lib/bootstrap/dist/js/bootstrap.bundle.js"'. Physical path: '"C:\Users\josiane\OneDrive\tii-jacir\projetohotsite\wwwroot\lib\bootstrap\dist\js\bootstrap.bundle.js"' (27b0a520)
2023-09-06T09:26:12.6262174-03:00 0HMTEQHQ24MG0:00000001 [INF] Request finished in 345.0656ms 200 application/javascript (791a596a)
2023-09-06T09:26:12.6331030-03:00 0HMTEQHQ24MG1:00000001 [INF] Sending file. Request path: '"/imagens/principal.jpg"'. Physical path: '"C:\Users\josiane\OneDrive\tii-jacir\projetohotsite\wwwroot\imagens\principal.jpg"' (27b0a520)
2023-09-06T09:26:12.6332171-03:00 0HMTEQHQ24MG1:00000001 [INF] Request finished in 167.7037ms 200 image/jpeg (791a596a)
2023-09-06T09:26:12.6364814-03:00 0HMTEQHQ24MFU:00000001 [INF] Sending file. Request path: '"/lib/jquery/dist/jquery.js"'. Physical path: '"C:\Users\josiane\OneDrive\tii-jacir\projetohotsite\wwwroot\lib\jquery\dist\jquery.js"' (27b0a520)
2023-09-06T09:26:12.6365685-03:00 0HMTEQHQ24MFU:00000001 [INF] Request finished in 631.8717ms 200 application/javascript (791a596a)
2023-09-06T09:26:12.7103252-03:00 0HMTEQHQ24MFT:00000003 [INF] Request starting HTTP/1.1 GET http://localhost:5000/imagens/planner.jpg   (ca22a1cb)
2023-09-06T09:26:12.7313975-03:00 0HMTEQHQ24MFV:00000002 [INF] Request starting HTTP/1.1 GET http://localhost:5000/imagens/woman.jpg   (ca22a1cb)
2023-09-06T09:26:12.8310125-03:00 0HMTEQHQ24MG0:00000002 [INF] Request starting HTTP/1.1 GET http://localhost:5000/imagens/money.jpg   (ca22a1cb)
2023-09-06T09:26:12.8505321-03:00 0HMTEQHQ24MFU:00000002 [INF] Request starting HTTP/1.1 GET http://localhost:5000/imagens/corporat.png   (ca22a1cb)
2023-09-06T09:26:12.9149750-03:00 0HMTEQHQ24MG1:00000002 [INF] Request starting HTTP/1.1 GET http://localhost:5000/imagens/ice.png   (ca22a1cb)
2023-09-06T09:26:12.9322908-03:00 0HMTEQHQ24MFT:00000003 [INF] Sending file. Request path: '"/imagens/planner.jpg"'. Physical path: '"C:\Users\josiane\OneDrive\tii-jacir\projetohotsite\wwwroot\imagens\planner.jpg"' (27b0a520)
2023-09-06T09:26:12.9324037-03:00 0HMTEQHQ24MFT:00000003 [INF] Request finished in 222.1392ms 200 image/jpeg (791a596a)
2023-09-06T09:26:13.2325383-03:00 0HMTEQHQ24MFT:00000004 [INF] Request starting HTTP/1.1 GET http://localhost:5000/imagens/logo.jpg   (ca22a1cb)
2023-09-06T09:26:13.2465181-03:00 0HMTEQHQ24MG0:00000002 [INF] Sending file. Request path: '"/imagens/money.jpg"'. Physical path: '"C:\Users\josiane\OneDrive\tii-jacir\projetohotsite\wwwroot\imagens\money.jpg"' (27b0a520)
2023-09-06T09:26:13.2470610-03:00 0HMTEQHQ24MG0:00000002 [INF] Request finished in 415.8904ms 200 image/jpeg (791a596a)
2023-09-06T09:26:13.3449934-03:00 0HMTEQHQ24MG1:00000002 [INF] Sending file. Request path: '"/imagens/ice.png"'. Physical path: '"C:\Users\josiane\OneDrive\tii-jacir\projetohotsite\wwwroot\imagens\ice.png"' (27b0a520)
2023-09-06T09:26:13.3644233-03:00 0HMTEQHQ24MG1:00000002 [INF] Request finished in 449.2284ms 200 image/png (791a596a)
2023-09-06T09:26:13.3676494-03:00 0HMTEQHQ24MG0:00000003 [INF] Request starting HTTP/1.1 GET http://localhost:5000/imagens/logo2.png   (ca22a1cb)
2023-09-06T09:26:13.4811806-03:00 0HMTEQHQ24MFT:00000004 [INF] Sending file. Request path: '"/imagens/logo.jpg"'. Physical path: '"C:\Users\josiane\OneDrive\tii-jacir\projetohotsite\wwwroot\imagens\logo.jpg"' (27b0a520)
2023-09-06T09:26:13.4815685-03:00 0HMTEQHQ24MFT:00000004 [INF] Request finished in 249.523ms 200 image/jpeg (791a596a)
2023-09-06T09:26:13.4918826-03:00 0HMTEQHQ24MG0:00000003 [INF] Sending file. Request path: '"/imagens/logo2.png"'. Physical path: '"C:\Users\josiane\OneDrive\tii-jacir\projetohotsite\wwwroot\imagens\logo2.png"' (27b0a520)
2023-09-06T09:26:13.4920050-03:00 0HMTEQHQ24MG0:00000003 [INF] Request finished in 124.6197ms 200 image/png (791a596a)
2023-09-06T09:26:13.5720084-03:00 0HMTEQHQ24MFU:00000002 [INF] Sending file. Request path: '"/imagens/corporat.png"'. Physical path: '"C:\Users\josiane\OneDrive\tii-jacir\projetohotsite\wwwroot\imagens\corporat.png"' (27b0a520)
2023-09-06T09:26:13.5721050-03:00 0HMTEQHQ24MFU:00000002 [INF] Request finished in 721.6191ms 200 image/png (791a596a)
2023-09-06T09:26:14.1494717-03:00 0HMTEQHQ24MFV:00000002 [INF] Sending file. Request path: '"/imagens/woman.jpg"'. Physical path: '"C:\Users\josiane\OneDrive\tii-jacir\projetohotsite\wwwroot\imagens\woman.jpg"' (27b0a520)
2023-09-06T09:26:14.1502761-03:00 0HMTEQHQ24MFV:00000002 [INF] Request finished in 1418.7561ms 200 image/jpeg (791a596a)
2023-09-06T09:26:14.4493684-03:00 0HMTEQHQ24MG2:00000001 [INF] Sending file. Request path: '"/imagens/atletica.jpg"'. Physical path: '"C:\Users\josiane\OneDrive\tii-jacir\projetohotsite\wwwroot\imagens\atletica.jpg"' (27b0a520)
2023-09-06T09:26:14.4494715-03:00 0HMTEQHQ24MG2:00000001 [INF] Request finished in 2100.5024ms 200 image/jpeg (791a596a)
2023-09-06T09:26:14.5026753-03:00 0HMTEQHQ24MG2:00000002 [INF] Request starting HTTP/1.1 GET http://localhost:5000/favicon.ico   (ca22a1cb)
2023-09-06T09:26:14.6939694-03:00 0HMTEQHQ24MG2:00000002 [INF] Sending file. Request path: '"/favicon.ico"'. Physical path: '"C:\Users\josiane\OneDrive\tii-jacir\projetohotsite\wwwroot\favicon.ico"' (27b0a520)
2023-09-06T09:26:14.6940624-03:00 0HMTEQHQ24MG2:00000002 [INF] Request finished in 192.2659ms 200 image/x-icon (791a596a)
2023-09-06T10:22:40.8787819-03:00  [INF] Application is shutting down... (90f52c38)
