2023-09-03T16:21:11.6160884-03:00  [INF] Now listening on: "http://localhost:5000" (d826f4b8)
2023-09-03T16:21:11.6504510-03:00  [INF] Application started. Press Ctrl+C to shut down. (dcaefe54)
2023-09-03T16:21:11.6505993-03:00  [INF] Hosting environment: "Development" (c3307c92)
2023-09-03T16:21:11.6506416-03:00  [INF] Content root path: "C:\Users\josiane\OneDrive\tii-jacir\projetohotsite" (b5d60022)
2023-09-03T16:21:16.0581171-03:00 0HMTCMBOO13RD:00000001 [INF] Request starting HTTP/1.1 GET http://localhost:5000/   (ca22a1cb)
2023-09-03T16:21:16.2198923-03:00 0HMTCMBOO13RD:00000001 [INF] Executing endpoint '"Hotsite.Controllers.HomeController.Index (Hotsite)"' (500cc934)
2023-09-03T16:21:16.3390755-03:00 0HMTCMBOO13RD:00000001 [INF] Route matched with "{action = \"Index\", controller = \"Home\"}". Executing controller action with signature "Microsoft.AspNetCore.Mvc.IActionResult Index()" on controller "Hotsite.Controllers.HomeController" ("Hotsite"). (122b2fdf)
2023-09-03T16:21:16.3877492-03:00 0HMTCMBOO13RD:00000001 [INF] Executing ViewResult, running view "Index". (c83d0e25)
2023-09-03T16:21:16.6247141-03:00 0HMTCMBOO13RD:00000001 [INF] Executed ViewResult - view "Index" executed in 240.8989ms. (f66409e9)
2023-09-03T16:21:16.6252955-03:00 0HMTCMBOO13RD:00000001 [INF] Executed action "Hotsite.Controllers.HomeController.Index (Hotsite)" in 285.7163ms (afa2e885)
2023-09-03T16:21:16.6261445-03:00 0HMTCMBOO13RD:00000001 [INF] Executed endpoint '"Hotsite.Controllers.HomeController.Index (Hotsite)"' (99874f2b)
2023-09-03T16:21:16.6318811-03:00 0HMTCMBOO13RD:00000001 [INF] Request finished in 585.9357ms 200 text/html; charset=utf-8 (791a596a)
2023-09-03T16:21:16.8549472-03:00 0HMTCMBOO13RF:00000001 [INF] Request starting HTTP/1.1 GET http://localhost:5000/lib/jquery/dist/jquery.js   (ca22a1cb)
2023-09-03T16:21:16.8549472-03:00 0HMTCMBOO13RG:00000001 [INF] Request starting HTTP/1.1 GET http://localhost:5000/imagens/atletica.jpg   (ca22a1cb)
2023-09-03T16:21:16.8842551-03:00 0HMTCMBOO13RH:00000001 [INF] Request starting HTTP/1.1 GET http://localhost:5000/imagens/woman.jpg   (ca22a1cb)
2023-09-03T16:21:16.8854470-03:00 0HMTCMBOO13RI:00000001 [INF] Request starting HTTP/1.1 GET http://localhost:5000/imagens/planner.jpg   (ca22a1cb)
2023-09-03T16:21:16.8888905-03:00 0HMTCMBOO13RE:00000001 [INF] Request starting HTTP/1.1 GET http://localhost:5000/imagens/principal.jpg   (ca22a1cb)
2023-09-03T16:21:16.8987617-03:00 0HMTCMBOO13RD:00000002 [INF] Request starting HTTP/1.1 GET http://localhost:5000/lib/bootstrap/dist/css/bootstrap.min.css   (ca22a1cb)
2023-09-03T16:21:16.9784200-03:00 0HMTCMBOO13RF:00000001 [INF] Sending file. Request path: '"/lib/jquery/dist/jquery.js"'. Physical path: '"C:\Users\josiane\OneDrive\tii-jacir\projetohotsite\wwwroot\lib\jquery\dist\jquery.js"' (27b0a520)
2023-09-03T16:21:16.9793743-03:00 0HMTCMBOO13RF:00000001 [INF] Request finished in 124.4156ms 200 application/javascript (791a596a)
2023-09-03T16:21:16.9799210-03:00 0HMTCMBOO13RD:00000002 [INF] Sending file. Request path: '"/lib/bootstrap/dist/css/bootstrap.min.css"'. Physical path: '"C:\Users\josiane\OneDrive\tii-jacir\projetohotsite\wwwroot\lib\bootstrap\dist\css\bootstrap.min.css"' (27b0a520)
2023-09-03T16:21:16.9800325-03:00 0HMTCMBOO13RD:00000002 [INF] Request finished in 81.3251ms 200 text/css (791a596a)
2023-09-03T16:21:17.0028199-03:00 0HMTCMBOO13RD:00000003 [INF] Request starting HTTP/1.1 GET http://localhost:5000/imagens/money.jpg   (ca22a1cb)
2023-09-03T16:21:17.0062043-03:00 0HMTCMBOO13RF:00000002 [INF] Request starting HTTP/1.1 GET http://localhost:5000/lib/bootstrap/dist/js/bootstrap.min.js   (ca22a1cb)
2023-09-03T16:21:17.0073046-03:00 0HMTCMBOO13RF:00000002 [INF] Sending file. Request path: '"/lib/bootstrap/dist/js/bootstrap.min.js"'. Physical path: '"C:\Users\josiane\OneDrive\tii-jacir\projetohotsite\wwwroot\lib\bootstrap\dist\js\bootstrap.min.js"' (27b0a520)
2023-09-03T16:21:17.0074032-03:00 0HMTCMBOO13RF:00000002 [INF] Request finished in 1.2262ms 200 application/javascript (791a596a)
2023-09-03T16:21:17.0336109-03:00 0HMTCMBOO13RF:00000003 [INF] Request starting HTTP/1.1 GET http://localhost:5000/lib/bootstrap/dist/js/bootstrap.bundle.js   (ca22a1cb)
2023-09-03T16:21:17.0376962-03:00 0HMTCMBOO13RF:00000003 [INF] Sending file. Request path: '"/lib/bootstrap/dist/js/bootstrap.bundle.js"'. Physical path: '"C:\Users\josiane\OneDrive\tii-jacir\projetohotsite\wwwroot\lib\bootstrap\dist\js\bootstrap.bundle.js"' (27b0a520)
2023-09-03T16:21:17.0377941-03:00 0HMTCMBOO13RF:00000003 [INF] Request finished in 4.2123ms 200 application/javascript (791a596a)
2023-09-03T16:21:17.0864923-03:00 0HMTCMBOO13RI:00000001 [INF] Sending file. Request path: '"/imagens/planner.jpg"'. Physical path: '"C:\Users\josiane\OneDrive\tii-jacir\projetohotsite\wwwroot\imagens\planner.jpg"' (27b0a520)
2023-09-03T16:21:17.0866523-03:00 0HMTCMBOO13RI:00000001 [INF] Request finished in 201.1608ms 200 image/jpeg (791a596a)
2023-09-03T16:21:17.0868715-03:00 0HMTCMBOO13RF:00000004 [INF] Request starting HTTP/1.1 GET http://localhost:5000/imagens/corporat.png   (ca22a1cb)
2023-09-03T16:21:17.3191193-03:00 0HMTCMBOO13RI:00000002 [INF] Request starting HTTP/1.1 GET http://localhost:5000/imagens/ice.png   (ca22a1cb)
2023-09-03T16:21:17.3193489-03:00 0HMTCMBOO13RD:00000003 [INF] Sending file. Request path: '"/imagens/money.jpg"'. Physical path: '"C:\Users\josiane\OneDrive\tii-jacir\projetohotsite\wwwroot\imagens\money.jpg"' (27b0a520)
2023-09-03T16:21:17.3194618-03:00 0HMTCMBOO13RD:00000003 [INF] Request finished in 316.6691ms 200 image/jpeg (791a596a)
2023-09-03T16:21:17.5308064-03:00 0HMTCMBOO13RF:00000004 [INF] Sending file. Request path: '"/imagens/corporat.png"'. Physical path: '"C:\Users\josiane\OneDrive\tii-jacir\projetohotsite\wwwroot\imagens\corporat.png"' (27b0a520)
2023-09-03T16:21:17.5319375-03:00 0HMTCMBOO13RF:00000004 [INF] Request finished in 444.6374ms 200 image/png (791a596a)
2023-09-03T16:21:17.5335120-03:00 0HMTCMBOO13RD:00000004 [INF] Request starting HTTP/1.1 GET http://localhost:5000/imagens/logo.jpg   (ca22a1cb)
2023-09-03T16:21:17.6079390-03:00 0HMTCMBOO13RF:00000005 [INF] Request starting HTTP/1.1 GET http://localhost:5000/imagens/logo2.png   (ca22a1cb)
2023-09-03T16:21:17.7053635-03:00 0HMTCMBOO13RD:00000004 [INF] Sending file. Request path: '"/imagens/logo.jpg"'. Physical path: '"C:\Users\josiane\OneDrive\tii-jacir\projetohotsite\wwwroot\imagens\logo.jpg"' (27b0a520)
2023-09-03T16:21:17.7057374-03:00 0HMTCMBOO13RD:00000004 [INF] Request finished in 172.4184ms 200 image/jpeg (791a596a)
2023-09-03T16:21:17.9014741-03:00 0HMTCMBOO13RI:00000002 [INF] Sending file. Request path: '"/imagens/ice.png"'. Physical path: '"C:\Users\josiane\OneDrive\tii-jacir\projetohotsite\wwwroot\imagens\ice.png"' (27b0a520)
2023-09-03T16:21:17.9015999-03:00 0HMTCMBOO13RI:00000002 [INF] Request finished in 582.4848ms 200 image/png (791a596a)
2023-09-03T16:21:18.0412275-03:00 0HMTCMBOO13RE:00000001 [INF] Sending file. Request path: '"/imagens/principal.jpg"'. Physical path: '"C:\Users\josiane\OneDrive\tii-jacir\projetohotsite\wwwroot\imagens\principal.jpg"' (27b0a520)
2023-09-03T16:21:18.0413498-03:00 0HMTCMBOO13RE:00000001 [INF] Request finished in 1152.6674ms 200 image/jpeg (791a596a)
2023-09-03T16:21:18.2263694-03:00 0HMTCMBOO13RF:00000005 [INF] Sending file. Request path: '"/imagens/logo2.png"'. Physical path: '"C:\Users\josiane\OneDrive\tii-jacir\projetohotsite\wwwroot\imagens\logo2.png"' (27b0a520)
2023-09-03T16:21:18.2265483-03:00 0HMTCMBOO13RF:00000005 [INF] Request finished in 619.1124ms 200 image/png (791a596a)
2023-09-03T16:21:24.2917612-03:00 0HMTCMBOO13RH:00000001 [INF] Sending file. Request path: '"/imagens/woman.jpg"'. Physical path: '"C:\Users\josiane\OneDrive\tii-jacir\projetohotsite\wwwroot\imagens\woman.jpg"' (27b0a520)
2023-09-03T16:21:24.2929786-03:00 0HMTCMBOO13RH:00000001 [INF] Request finished in 7408.4553ms 200 image/jpeg (791a596a)
2023-09-03T16:21:25.1459487-03:00 0HMTCMBOO13RG:00000001 [INF] Sending file. Request path: '"/imagens/atletica.jpg"'. Physical path: '"C:\Users\josiane\OneDrive\tii-jacir\projetohotsite\wwwroot\imagens\atletica.jpg"' (27b0a520)
2023-09-03T16:21:25.1465741-03:00 0HMTCMBOO13RG:00000001 [INF] Request finished in 8291.3531ms 200 image/jpeg (791a596a)
2023-09-03T16:21:25.3076107-03:00 0HMTCMBOO13RG:00000002 [INF] Request starting HTTP/1.1 GET http://localhost:5000/favicon.ico   (ca22a1cb)
2023-09-03T16:21:25.3093261-03:00 0HMTCMBOO13RG:00000002 [INF] Sending file. Request path: '"/favicon.ico"'. Physical path: '"C:\Users\josiane\OneDrive\tii-jacir\projetohotsite\wwwroot\favicon.ico"' (27b0a520)
2023-09-03T16:21:25.3096244-03:00 0HMTCMBOO13RG:00000002 [INF] Request finished in 2.121ms 200 image/x-icon (791a596a)
2023-09-03T16:21:44.5381822-03:00 0HMTCMBOO13RG:00000003 [INF] Request starting HTTP/1.1 GET http://localhost:5000/lib/bootstrap/dist/css/bootstrap.min.css.map   (ca22a1cb)
2023-09-03T16:21:44.5511671-03:00 0HMTCMBOO13RG:00000003 [INF] Sending file. Request path: '"/lib/bootstrap/dist/css/bootstrap.min.css.map"'. Physical path: '"C:\Users\josiane\OneDrive\tii-jacir\projetohotsite\wwwroot\lib\bootstrap\dist\css\bootstrap.min.css.map"' (27b0a520)
2023-09-03T16:21:44.5515344-03:00 0HMTCMBOO13RG:00000003 [INF] Request finished in 13.4008ms 200 text/plain (791a596a)
2023-09-03T16:21:44.8431044-03:00 0HMTCMBOO13RG:00000004 [INF] Request starting HTTP/1.1 GET http://localhost:5000/lib/bootstrap/dist/js/bootstrap.min.js.map   (ca22a1cb)
2023-09-03T16:21:44.8539353-03:00 0HMTCMBOO13RH:00000002 [INF] Request starting HTTP/1.1 GET http://localhost:5000/lib/bootstrap/dist/js/bootstrap.bundle.js.map   (ca22a1cb)
2023-09-03T16:21:45.0628731-03:00 0HMTCMBOO13RH:00000002 [INF] Sending file. Request path: '"/lib/bootstrap/dist/js/bootstrap.bundle.js.map"'. Physical path: '"C:\Users\josiane\OneDrive\tii-jacir\projetohotsite\wwwroot\lib\bootstrap\dist\js\bootstrap.bundle.js.map"' (27b0a520)
2023-09-03T16:21:45.0633197-03:00 0HMTCMBOO13RH:00000002 [INF] Request finished in 209.2414ms 200 text/plain (791a596a)
2023-09-03T16:21:45.0950682-03:00 0HMTCMBOO13RG:00000004 [INF] Sending file. Request path: '"/lib/bootstrap/dist/js/bootstrap.min.js.map"'. Physical path: '"C:\Users\josiane\OneDrive\tii-jacir\projetohotsite\wwwroot\lib\bootstrap\dist\js\bootstrap.min.js.map"' (27b0a520)
2023-09-03T16:21:45.0953494-03:00 0HMTCMBOO13RG:00000004 [INF] Request finished in 252.2984ms 200 text/plain (791a596a)
2023-09-03T16:23:23.7184302-03:00 0HMTCMBOO13RJ:00000001 [INF] Request starting HTTP/1.1 GET http://localhost:5000/,   (ca22a1cb)
2023-09-03T16:23:23.7196197-03:00 0HMTCMBOO13RJ:00000001 [INF] Request finished in 1.3911ms 404  (791a596a)
2023-09-03T16:23:28.8305535-03:00 0HMTCMBOO13RJ:00000002 [INF] Request starting HTTP/1.1 GET http://localhost:5000/   (ca22a1cb)
2023-09-03T16:23:28.8318107-03:00 0HMTCMBOO13RJ:00000002 [INF] Executing endpoint '"Hotsite.Controllers.HomeController.Index (Hotsite)"' (500cc934)
2023-09-03T16:23:28.8327533-03:00 0HMTCMBOO13RJ:00000002 [INF] Route matched with "{action = \"Index\", controller = \"Home\"}". Executing controller action with signature "Microsoft.AspNetCore.Mvc.IActionResult Index()" on controller "Hotsite.Controllers.HomeController" ("Hotsite"). (122b2fdf)
2023-09-03T16:23:28.8339550-03:00 0HMTCMBOO13RJ:00000002 [INF] Executing ViewResult, running view "Index". (c83d0e25)
2023-09-03T16:23:28.8469680-03:00 0HMTCMBOO13RJ:00000002 [INF] Executed ViewResult - view "Index" executed in 13.3128ms. (f66409e9)
2023-09-03T16:23:28.8472337-03:00 0HMTCMBOO13RJ:00000002 [INF] Executed action "Hotsite.Controllers.HomeController.Index (Hotsite)" in 14.245ms (afa2e885)
2023-09-03T16:23:28.8473155-03:00 0HMTCMBOO13RJ:00000002 [INF] Executed endpoint '"Hotsite.Controllers.HomeController.Index (Hotsite)"' (99874f2b)
2023-09-03T16:23:28.8475103-03:00 0HMTCMBOO13RJ:00000002 [INF] Request finished in 21.3472ms 200 text/html; charset=utf-8 (791a596a)
2023-09-03T16:23:29.1989254-03:00 0HMTCMBOO13RL:00000001 [INF] Request starting HTTP/1.1 GET http://localhost:5000/imagens/atletica.jpg   (ca22a1cb)
2023-09-03T16:23:29.2005612-03:00 0HMTCMBOO13RN:00000001 [INF] Request starting HTTP/1.1 GET http://localhost:5000/imagens/woman.jpg   (ca22a1cb)
2023-09-03T16:23:29.2014548-03:00 0HMTCMBOO13RO:00000001 [INF] Request starting HTTP/1.1 GET http://localhost:5000/imagens/money.jpg   (ca22a1cb)
2023-09-03T16:23:29.2023249-03:00 0HMTCMBOO13RJ:00000003 [INF] Request starting HTTP/1.1 GET http://localhost:5000/lib/bootstrap/dist/css/bootstrap.min.css   (ca22a1cb)
2023-09-03T16:23:29.2058283-03:00 0HMTCMBOO13RK:00000001 [INF] Request starting HTTP/1.1 GET http://localhost:5000/imagens/principal.jpg   (ca22a1cb)
2023-09-03T16:23:29.2068525-03:00 0HMTCMBOO13RM:00000001 [INF] Request starting HTTP/1.1 GET http://localhost:5000/imagens/planner.jpg   (ca22a1cb)
2023-09-03T16:23:29.2135679-03:00 0HMTCMBOO13RO:00000001 [INF] Sending file. Request path: '"/imagens/money.jpg"'. Physical path: '"C:\Users\josiane\OneDrive\tii-jacir\projetohotsite\wwwroot\imagens\money.jpg"' (27b0a520)
2023-09-03T16:23:29.2136704-03:00 0HMTCMBOO13RO:00000001 [INF] Request finished in 12.2031ms 200 image/jpeg (791a596a)
2023-09-03T16:23:29.2142839-03:00 0HMTCMBOO13RM:00000001 [INF] Sending file. Request path: '"/imagens/planner.jpg"'. Physical path: '"C:\Users\josiane\OneDrive\tii-jacir\projetohotsite\wwwroot\imagens\planner.jpg"' (27b0a520)
2023-09-03T16:23:29.2143469-03:00 0HMTCMBOO13RM:00000001 [INF] Request finished in 7.4922ms 200 image/jpeg (791a596a)
2023-09-03T16:23:29.2179609-03:00 0HMTCMBOO13RJ:00000003 [INF] Sending file. Request path: '"/lib/bootstrap/dist/css/bootstrap.min.css"'. Physical path: '"C:\Users\josiane\OneDrive\tii-jacir\projetohotsite\wwwroot\lib\bootstrap\dist\css\bootstrap.min.css"' (27b0a520)
2023-09-03T16:23:29.2180240-03:00 0HMTCMBOO13RJ:00000003 [INF] Request finished in 15.7096ms 200 text/css (791a596a)
2023-09-03T16:23:29.2360064-03:00 0HMTCMBOO13RK:00000001 [INF] Sending file. Request path: '"/imagens/principal.jpg"'. Physical path: '"C:\Users\josiane\OneDrive\tii-jacir\projetohotsite\wwwroot\imagens\principal.jpg"' (27b0a520)
2023-09-03T16:23:29.2360901-03:00 0HMTCMBOO13RK:00000001 [INF] Request finished in 30.2682ms 200 image/jpeg (791a596a)
2023-09-03T16:23:29.6876819-03:00 0HMTCMBOO13RJ:00000004 [INF] Request starting HTTP/1.1 GET http://localhost:5000/lib/bootstrap/dist/js/bootstrap.min.js   (ca22a1cb)
2023-09-03T16:23:29.6895956-03:00 0HMTCMBOO13RJ:00000004 [INF] Sending file. Request path: '"/lib/bootstrap/dist/js/bootstrap.min.js"'. Physical path: '"C:\Users\josiane\OneDrive\tii-jacir\projetohotsite\wwwroot\lib\bootstrap\dist\js\bootstrap.min.js"' (27b0a520)
2023-09-03T16:23:29.6896721-03:00 0HMTCMBOO13RJ:00000004 [INF] Request finished in 2.0272ms 200 application/javascript (791a596a)
2023-09-03T16:23:29.6897939-03:00 0HMTCMBOO13RO:00000002 [INF] Request starting HTTP/1.1 GET http://localhost:5000/lib/jquery/dist/jquery.js   (ca22a1cb)
2023-09-03T16:23:29.6906330-03:00 0HMTCMBOO13RM:00000002 [INF] Request starting HTTP/1.1 GET http://localhost:5000/lib/bootstrap/dist/js/bootstrap.bundle.js   (ca22a1cb)
2023-09-03T16:23:29.6914531-03:00 0HMTCMBOO13RK:00000002 [INF] Request starting HTTP/1.1 GET http://localhost:5000/imagens/corporat.png   (ca22a1cb)
2023-09-03T16:23:29.8197288-03:00 0HMTCMBOO13RK:00000002 [INF] Sending file. Request path: '"/imagens/corporat.png"'. Physical path: '"C:\Users\josiane\OneDrive\tii-jacir\projetohotsite\wwwroot\imagens\corporat.png"' (27b0a520)
2023-09-03T16:23:29.8198136-03:00 0HMTCMBOO13RK:00000002 [INF] Request finished in 128.3508ms 200 image/png (791a596a)
2023-09-03T16:23:29.8545892-03:00 0HMTCMBOO13RM:00000002 [INF] Sending file. Request path: '"/lib/bootstrap/dist/js/bootstrap.bundle.js"'. Physical path: '"C:\Users\josiane\OneDrive\tii-jacir\projetohotsite\wwwroot\lib\bootstrap\dist\js\bootstrap.bundle.js"' (27b0a520)
2023-09-03T16:23:29.8546738-03:00 0HMTCMBOO13RM:00000002 [INF] Request finished in 164.0361ms 200 application/javascript (791a596a)
2023-09-03T16:23:30.0200421-03:00 0HMTCMBOO13RJ:00000005 [INF] Request starting HTTP/1.1 GET http://localhost:5000/imagens/ice.png   (ca22a1cb)
2023-09-03T16:23:30.0225183-03:00 0HMTCMBOO13RM:00000003 [INF] Request starting HTTP/1.1 GET http://localhost:5000/imagens/logo.jpg   (ca22a1cb)
2023-09-03T16:23:30.0234821-03:00 0HMTCMBOO13RM:00000003 [INF] Sending file. Request path: '"/imagens/logo.jpg"'. Physical path: '"C:\Users\josiane\OneDrive\tii-jacir\projetohotsite\wwwroot\imagens\logo.jpg"' (27b0a520)
2023-09-03T16:23:30.0235748-03:00 0HMTCMBOO13RM:00000003 [INF] Request finished in 2.4749ms 200 image/jpeg (791a596a)
2023-09-03T16:23:30.0237178-03:00 0HMTCMBOO13RK:00000003 [INF] Request starting HTTP/1.1 GET http://localhost:5000/imagens/logo2.png   (ca22a1cb)
2023-09-03T16:23:30.0295736-03:00 0HMTCMBOO13RJ:00000005 [INF] Sending file. Request path: '"/imagens/ice.png"'. Physical path: '"C:\Users\josiane\OneDrive\tii-jacir\projetohotsite\wwwroot\imagens\ice.png"' (27b0a520)
2023-09-03T16:23:30.0296850-03:00 0HMTCMBOO13RJ:00000005 [INF] Request finished in 9.6579ms 200 image/png (791a596a)
2023-09-03T16:23:30.0300894-03:00 0HMTCMBOO13RK:00000003 [INF] Sending file. Request path: '"/imagens/logo2.png"'. Physical path: '"C:\Users\josiane\OneDrive\tii-jacir\projetohotsite\wwwroot\imagens\logo2.png"' (27b0a520)
2023-09-03T16:23:30.0301472-03:00 0HMTCMBOO13RK:00000003 [INF] Request finished in 6.4498ms 200 image/png (791a596a)
2023-09-03T16:23:30.0571755-03:00 0HMTCMBOO13RO:00000002 [INF] Sending file. Request path: '"/lib/jquery/dist/jquery.js"'. Physical path: '"C:\Users\josiane\OneDrive\tii-jacir\projetohotsite\wwwroot\lib\jquery\dist\jquery.js"' (27b0a520)
2023-09-03T16:23:30.0572659-03:00 0HMTCMBOO13RO:00000002 [INF] Request finished in 367.4602ms 200 application/javascript (791a596a)
2023-09-03T16:23:30.2705024-03:00 0HMTCMBOO13RN:00000001 [INF] Sending file. Request path: '"/imagens/woman.jpg"'. Physical path: '"C:\Users\josiane\OneDrive\tii-jacir\projetohotsite\wwwroot\imagens\woman.jpg"' (27b0a520)
2023-09-03T16:23:30.2705984-03:00 0HMTCMBOO13RN:00000001 [INF] Request finished in 1070.0207ms 200 image/jpeg (791a596a)
2023-09-03T16:23:31.8782420-03:00 0HMTCMBOO13RL:00000001 [INF] Sending file. Request path: '"/imagens/atletica.jpg"'. Physical path: '"C:\Users\josiane\OneDrive\tii-jacir\projetohotsite\wwwroot\imagens\atletica.jpg"' (27b0a520)
2023-09-03T16:23:31.8785695-03:00 0HMTCMBOO13RL:00000001 [INF] Request finished in 2679.5542ms 200 image/jpeg (791a596a)
2023-09-03T16:23:31.9309067-03:00 0HMTCMBOO13RL:00000002 [INF] Request starting HTTP/1.1 GET http://localhost:5000/favicon.ico   (ca22a1cb)
2023-09-03T16:23:31.9323572-03:00 0HMTCMBOO13RL:00000002 [INF] Sending file. Request path: '"/favicon.ico"'. Physical path: '"C:\Users\josiane\OneDrive\tii-jacir\projetohotsite\wwwroot\favicon.ico"' (27b0a520)
2023-09-03T16:23:31.9326284-03:00 0HMTCMBOO13RL:00000002 [INF] Request finished in 1.8504ms 200 image/x-icon (791a596a)
2023-09-03T16:26:56.3651886-03:00  [INF] Application is shutting down... (90f52c38)
2023-09-03T16:27:09.8994545-03:00  [INF] Now listening on: "http://localhost:5000" (d826f4b8)
2023-09-03T16:27:09.9161764-03:00  [INF] Application started. Press Ctrl+C to shut down. (dcaefe54)
2023-09-03T16:27:09.9163285-03:00  [INF] Hosting environment: "Development" (c3307c92)
2023-09-03T16:27:09.9163738-03:00  [INF] Content root path: "C:\Users\josiane\OneDrive\tii-jacir\projetohotsite" (b5d60022)
2023-09-03T16:27:17.7814044-03:00 0HMTCMF4HMED6:00000001 [INF] Request starting HTTP/1.1 GET http://localhost:5000/   (ca22a1cb)
2023-09-03T16:27:17.8538315-03:00 0HMTCMF4HMED6:00000001 [INF] Executing endpoint '"Hotsite.Controllers.HomeController.Index (Hotsite)"' (500cc934)
2023-09-03T16:27:17.9700758-03:00 0HMTCMF4HMED6:00000001 [INF] Route matched with "{action = \"Index\", controller = \"Home\"}". Executing controller action with signature "Microsoft.AspNetCore.Mvc.IActionResult Index()" on controller "Hotsite.Controllers.HomeController" ("Hotsite"). (122b2fdf)
2023-09-03T16:27:18.0252813-03:00 0HMTCMF4HMED6:00000001 [INF] Executing ViewResult, running view "Index". (c83d0e25)
2023-09-03T16:27:18.3395146-03:00 0HMTCMF4HMED6:00000001 [INF] Executed ViewResult - view "Index" executed in 246.1051ms. (f66409e9)
2023-09-03T16:27:18.3401619-03:00 0HMTCMF4HMED6:00000001 [INF] Executed action "Hotsite.Controllers.HomeController.Index (Hotsite)" in 369.5769ms (afa2e885)
2023-09-03T16:27:18.3409176-03:00 0HMTCMF4HMED6:00000001 [INF] Executed endpoint '"Hotsite.Controllers.HomeController.Index (Hotsite)"' (99874f2b)
2023-09-03T16:27:18.3584083-03:00 0HMTCMF4HMED7:00000001 [INF] Request starting HTTP/1.1 GET http://localhost:5000/lib/bootstrap/dist/css/bootstrap.min.css   (ca22a1cb)
2023-09-03T16:27:18.4031616-03:00 0HMTCMF4HMEDA:00000001 [INF] Request starting HTTP/1.1 GET http://localhost:5000/imagens/woman.jpg   (ca22a1cb)
2023-09-03T16:27:18.4034466-03:00 0HMTCMF4HMED6:00000001 [INF] Request finished in 634.2742ms 200 text/html; charset=utf-8 (791a596a)
2023-09-03T16:27:18.4057653-03:00 0HMTCMF4HMED8:00000001 [INF] Request starting HTTP/1.1 GET http://localhost:5000/imagens/atletica.jpg   (ca22a1cb)
2023-09-03T16:27:18.4141822-03:00 0HMTCMF4HMED9:00000001 [INF] Request starting HTTP/1.1 GET http://localhost:5000/imagens/planner.jpg   (ca22a1cb)
2023-09-03T16:27:18.4172760-03:00 0HMTCMF4HMED6:00000002 [INF] Request starting HTTP/1.1 GET http://localhost:5000/imagens/principal.jpg   (ca22a1cb)
2023-09-03T16:27:18.4178467-03:00 0HMTCMF4HMEDB:00000001 [INF] Request starting HTTP/1.1 GET http://localhost:5000/imagens/money.jpg   (ca22a1cb)
2023-09-03T16:27:18.4363434-03:00 0HMTCMF4HMED7:00000001 [INF] Sending file. Request path: '"/lib/bootstrap/dist/css/bootstrap.min.css"'. Physical path: '"C:\Users\josiane\OneDrive\tii-jacir\projetohotsite\wwwroot\lib\bootstrap\dist\css\bootstrap.min.css"' (27b0a520)
2023-09-03T16:27:18.4370792-03:00 0HMTCMF4HMED9:00000001 [INF] Sending file. Request path: '"/imagens/planner.jpg"'. Physical path: '"C:\Users\josiane\OneDrive\tii-jacir\projetohotsite\wwwroot\imagens\planner.jpg"' (27b0a520)
2023-09-03T16:27:18.4373362-03:00 0HMTCMF4HMED7:00000001 [INF] Request finished in 79.1419ms 200 text/css (791a596a)
2023-09-03T16:27:18.4373421-03:00 0HMTCMF4HMED9:00000001 [INF] Request finished in 23.352ms 200 image/jpeg (791a596a)
2023-09-03T16:27:18.4378071-03:00 0HMTCMF4HMEDB:00000001 [INF] Sending file. Request path: '"/imagens/money.jpg"'. Physical path: '"C:\Users\josiane\OneDrive\tii-jacir\projetohotsite\wwwroot\imagens\money.jpg"' (27b0a520)
2023-09-03T16:27:18.4378838-03:00 0HMTCMF4HMEDB:00000001 [INF] Request finished in 20.0538ms 200 image/jpeg (791a596a)
2023-09-03T16:27:18.4783040-03:00 0HMTCMF4HMED6:00000002 [INF] Sending file. Request path: '"/imagens/principal.jpg"'. Physical path: '"C:\Users\josiane\OneDrive\tii-jacir\projetohotsite\wwwroot\imagens\principal.jpg"' (27b0a520)
2023-09-03T16:27:18.4784357-03:00 0HMTCMF4HMED6:00000002 [INF] Request finished in 61.169ms 200 image/jpeg (791a596a)
2023-09-03T16:27:18.4803520-03:00 0HMTCMF4HMED9:00000002 [INF] Request starting HTTP/1.1 GET http://localhost:5000/lib/jquery/dist/jquery.js   (ca22a1cb)
2023-09-03T16:27:18.5050652-03:00 0HMTCMF4HMED7:00000002 [INF] Request starting HTTP/1.1 GET http://localhost:5000/lib/bootstrap/dist/js/bootstrap.min.js   (ca22a1cb)
2023-09-03T16:27:18.5059759-03:00 0HMTCMF4HMEDB:00000002 [INF] Request starting HTTP/1.1 GET http://localhost:5000/lib/bootstrap/dist/js/bootstrap.bundle.js   (ca22a1cb)
2023-09-03T16:27:18.5628384-03:00 0HMTCMF4HMED7:00000002 [INF] Sending file. Request path: '"/lib/bootstrap/dist/js/bootstrap.min.js"'. Physical path: '"C:\Users\josiane\OneDrive\tii-jacir\projetohotsite\wwwroot\lib\bootstrap\dist\js\bootstrap.min.js"' (27b0a520)
2023-09-03T16:27:18.5629978-03:00 0HMTCMF4HMED7:00000002 [INF] Request finished in 57.9217ms 200 application/javascript (791a596a)
2023-09-03T16:27:18.5765123-03:00 0HMTCMF4HMED6:00000003 [INF] Request starting HTTP/1.1 GET http://localhost:5000/imagens/corporat.png   (ca22a1cb)
2023-09-03T16:27:18.5954965-03:00 0HMTCMF4HMED9:00000002 [INF] Sending file. Request path: '"/lib/jquery/dist/jquery.js"'. Physical path: '"C:\Users\josiane\OneDrive\tii-jacir\projetohotsite\wwwroot\lib\jquery\dist\jquery.js"' (27b0a520)
2023-09-03T16:27:18.5956123-03:00 0HMTCMF4HMED9:00000002 [INF] Request finished in 115.2522ms 200 application/javascript (791a596a)
2023-09-03T16:27:18.5986745-03:00 0HMTCMF4HMED7:00000003 [INF] Request starting HTTP/1.1 GET http://localhost:5000/imagens/ice.png   (ca22a1cb)
2023-09-03T16:27:18.6021416-03:00 0HMTCMF4HMED7:00000003 [INF] Sending file. Request path: '"/imagens/ice.png"'. Physical path: '"C:\Users\josiane\OneDrive\tii-jacir\projetohotsite\wwwroot\imagens\ice.png"' (27b0a520)
2023-09-03T16:27:18.6022599-03:00 0HMTCMF4HMED7:00000003 [INF] Request finished in 3.6203ms 200 image/png (791a596a)
2023-09-03T16:27:18.6289550-03:00 0HMTCMF4HMEDB:00000002 [INF] Sending file. Request path: '"/lib/bootstrap/dist/js/bootstrap.bundle.js"'. Physical path: '"C:\Users\josiane\OneDrive\tii-jacir\projetohotsite\wwwroot\lib\bootstrap\dist\js\bootstrap.bundle.js"' (27b0a520)
2023-09-03T16:27:18.6290921-03:00 0HMTCMF4HMEDB:00000002 [INF] Request finished in 123.1143ms 200 application/javascript (791a596a)
2023-09-03T16:27:18.6302193-03:00 0HMTCMF4HMED6:00000003 [INF] Sending file. Request path: '"/imagens/corporat.png"'. Physical path: '"C:\Users\josiane\OneDrive\tii-jacir\projetohotsite\wwwroot\imagens\corporat.png"' (27b0a520)
2023-09-03T16:27:18.6303076-03:00 0HMTCMF4HMED6:00000003 [INF] Request finished in 53.8359ms 200 image/png (791a596a)
2023-09-03T16:27:18.6455217-03:00 0HMTCMF4HMED9:00000003 [INF] Request starting HTTP/1.1 GET http://localhost:5000/imagens/logo.jpg   (ca22a1cb)
2023-09-03T16:27:18.6477999-03:00 0HMTCMF4HMED9:00000003 [INF] Sending file. Request path: '"/imagens/logo.jpg"'. Physical path: '"C:\Users\josiane\OneDrive\tii-jacir\projetohotsite\wwwroot\imagens\logo.jpg"' (27b0a520)
2023-09-03T16:27:18.6479136-03:00 0HMTCMF4HMED9:00000003 [INF] Request finished in 2.4261ms 200 image/jpeg (791a596a)
2023-09-03T16:27:18.6480595-03:00 0HMTCMF4HMED7:00000004 [INF] Request starting HTTP/1.1 GET http://localhost:5000/imagens/logo2.png   (ca22a1cb)
2023-09-03T16:27:18.7289022-03:00 0HMTCMF4HMED7:00000004 [INF] Sending file. Request path: '"/imagens/logo2.png"'. Physical path: '"C:\Users\josiane\OneDrive\tii-jacir\projetohotsite\wwwroot\imagens\logo2.png"' (27b0a520)
2023-09-03T16:27:18.7290007-03:00 0HMTCMF4HMED7:00000004 [INF] Request finished in 80.9335ms 200 image/png (791a596a)
2023-09-03T16:27:18.9968052-03:00 0HMTCMF4HMEDA:00000001 [INF] Sending file. Request path: '"/imagens/woman.jpg"'. Physical path: '"C:\Users\josiane\OneDrive\tii-jacir\projetohotsite\wwwroot\imagens\woman.jpg"' (27b0a520)
2023-09-03T16:27:18.9982770-03:00 0HMTCMF4HMEDA:00000001 [INF] Request finished in 594.8127ms 200 image/jpeg (791a596a)
2023-09-03T16:27:19.3745482-03:00 0HMTCMF4HMED8:00000001 [INF] Sending file. Request path: '"/imagens/atletica.jpg"'. Physical path: '"C:\Users\josiane\OneDrive\tii-jacir\projetohotsite\wwwroot\imagens\atletica.jpg"' (27b0a520)
2023-09-03T16:27:19.3753529-03:00 0HMTCMF4HMED8:00000001 [INF] Request finished in 969.1222ms 200 image/jpeg (791a596a)
2023-09-03T16:27:19.4496315-03:00 0HMTCMF4HMED8:00000002 [INF] Request starting HTTP/1.1 GET http://localhost:5000/favicon.ico   (ca22a1cb)
2023-09-03T16:27:19.4515433-03:00 0HMTCMF4HMED8:00000002 [INF] Sending file. Request path: '"/favicon.ico"'. Physical path: '"C:\Users\josiane\OneDrive\tii-jacir\projetohotsite\wwwroot\favicon.ico"' (27b0a520)
2023-09-03T16:27:19.4519108-03:00 0HMTCMF4HMED8:00000002 [INF] Request finished in 2.4516ms 200 image/x-icon (791a596a)
2023-09-03T16:27:31.9004021-03:00 0HMTCMF4HMED8:00000003 [INF] Request starting HTTP/1.1 GET http://localhost:5000/lib/bootstrap/dist/js/bootstrap.min.js.map   (ca22a1cb)
2023-09-03T16:27:31.9020564-03:00 0HMTCMF4HMEDA:00000002 [INF] Request starting HTTP/1.1 GET http://localhost:5000/lib/bootstrap/dist/js/bootstrap.bundle.js.map   (ca22a1cb)
2023-09-03T16:27:31.9074037-03:00 0HMTCMF4HMED8:00000003 [INF] Sending file. Request path: '"/lib/bootstrap/dist/js/bootstrap.min.js.map"'. Physical path: '"C:\Users\josiane\OneDrive\tii-jacir\projetohotsite\wwwroot\lib\bootstrap\dist\js\bootstrap.min.js.map"' (27b0a520)
2023-09-03T16:27:31.9076113-03:00 0HMTCMF4HMED8:00000003 [INF] Request finished in 7.4609ms 200 text/plain (791a596a)
2023-09-03T16:27:31.9104246-03:00 0HMTCMF4HMEDA:00000002 [INF] Sending file. Request path: '"/lib/bootstrap/dist/js/bootstrap.bundle.js.map"'. Physical path: '"C:\Users\josiane\OneDrive\tii-jacir\projetohotsite\wwwroot\lib\bootstrap\dist\js\bootstrap.bundle.js.map"' (27b0a520)
2023-09-03T16:27:31.9105097-03:00 0HMTCMF4HMEDA:00000002 [INF] Request finished in 8.4807ms 200 text/plain (791a596a)
2023-09-03T16:27:32.2118495-03:00 0HMTCMF4HMEDA:00000003 [INF] Request starting HTTP/1.1 GET http://localhost:5000/lib/bootstrap/dist/css/bootstrap.min.css.map   (ca22a1cb)
2023-09-03T16:27:32.2229517-03:00 0HMTCMF4HMEDA:00000003 [INF] Sending file. Request path: '"/lib/bootstrap/dist/css/bootstrap.min.css.map"'. Physical path: '"C:\Users\josiane\OneDrive\tii-jacir\projetohotsite\wwwroot\lib\bootstrap\dist\css\bootstrap.min.css.map"' (27b0a520)
2023-09-03T16:27:32.2230503-03:00 0HMTCMF4HMEDA:00000003 [INF] Request finished in 11.2138ms 200 text/plain (791a596a)
2023-09-03T16:28:17.1989809-03:00  [INF] Application is shutting down... (90f52c38)
2023-09-03T16:28:24.6300591-03:00  [INF] Now listening on: "http://localhost:5000" (d826f4b8)
2023-09-03T16:28:24.6416249-03:00  [INF] Application started. Press Ctrl+C to shut down. (dcaefe54)
2023-09-03T16:28:24.6417673-03:00  [INF] Hosting environment: "Development" (c3307c92)
2023-09-03T16:28:24.6418170-03:00  [INF] Content root path: "C:\Users\josiane\OneDrive\tii-jacir\projetohotsite" (b5d60022)
2023-09-03T16:28:24.7881629-03:00 0HMTCMFOH4BBE:00000001 [INF] Request starting HTTP/1.1 GET http://localhost:5000/   (ca22a1cb)
2023-09-03T16:28:24.8505105-03:00 0HMTCMFOH4BBE:00000001 [INF] Executing endpoint '"Hotsite.Controllers.HomeController.Index (Hotsite)"' (500cc934)
2023-09-03T16:28:24.9527803-03:00 0HMTCMFOH4BBE:00000001 [INF] Route matched with "{action = \"Index\", controller = \"Home\"}". Executing controller action with signature "Microsoft.AspNetCore.Mvc.IActionResult Index()" on controller "Hotsite.Controllers.HomeController" ("Hotsite"). (122b2fdf)
2023-09-03T16:28:25.0001797-03:00 0HMTCMFOH4BBE:00000001 [INF] Executing ViewResult, running view "Index". (c83d0e25)
2023-09-03T16:28:25.1800722-03:00 0HMTCMFOH4BBE:00000001 [INF] Executed ViewResult - view "Index" executed in 184.1023ms. (f66409e9)
2023-09-03T16:28:25.1806887-03:00 0HMTCMFOH4BBE:00000001 [INF] Executed action "Hotsite.Controllers.HomeController.Index (Hotsite)" in 227.471ms (afa2e885)
2023-09-03T16:28:25.1814704-03:00 0HMTCMFOH4BBE:00000001 [INF] Executed endpoint '"Hotsite.Controllers.HomeController.Index (Hotsite)"' (99874f2b)
2023-09-03T16:28:25.1842884-03:00 0HMTCMFOH4BBE:00000001 [INF] Request finished in 409.2703ms 200 text/html; charset=utf-8 (791a596a)
2023-09-03T16:29:18.8866699-03:00  [INF] Application is shutting down... (90f52c38)
2023-09-03T16:29:37.9405814-03:00  [INF] Now listening on: "http://localhost:5000" (d826f4b8)
2023-09-03T16:29:37.9539671-03:00  [INF] Application started. Press Ctrl+C to shut down. (dcaefe54)
2023-09-03T16:29:37.9541100-03:00  [INF] Hosting environment: "Development" (c3307c92)
2023-09-03T16:29:37.9541481-03:00  [INF] Content root path: "C:\Users\josiane\OneDrive\tii-jacir\projetohotsite" (b5d60022)
2023-09-03T16:30:03.7806327-03:00 0HMTCMGM0KEUI:00000001 [INF] Request starting HTTP/1.1 GET http://localhost:5000/   (ca22a1cb)
2023-09-03T16:30:03.9231811-03:00 0HMTCMGM0KEUI:00000001 [INF] Executing endpoint '"Hotsite.Controllers.HomeController.Index (Hotsite)"' (500cc934)
2023-09-03T16:30:04.0373241-03:00 0HMTCMGM0KEUI:00000001 [INF] Route matched with "{action = \"Index\", controller = \"Home\"}". Executing controller action with signature "Microsoft.AspNetCore.Mvc.IActionResult Index()" on controller "Hotsite.Controllers.HomeController" ("Hotsite"). (122b2fdf)
2023-09-03T16:30:04.0894275-03:00 0HMTCMGM0KEUI:00000001 [INF] Executing ViewResult, running view "Index". (c83d0e25)
2023-09-03T16:30:04.4344061-03:00 0HMTCMGM0KEUI:00000001 [INF] Executed ViewResult - view "Index" executed in 343.6226ms. (f66409e9)
2023-09-03T16:30:04.4351164-03:00 0HMTCMGM0KEUI:00000001 [INF] Executed action "Hotsite.Controllers.HomeController.Index (Hotsite)" in 397.2636ms (afa2e885)
2023-09-03T16:30:04.4358884-03:00 0HMTCMGM0KEUI:00000001 [INF] Executed endpoint '"Hotsite.Controllers.HomeController.Index (Hotsite)"' (99874f2b)
2023-09-03T16:30:04.4828565-03:00 0HMTCMGM0KEUI:00000001 [INF] Request finished in 751.1613ms 200 text/html; charset=utf-8 (791a596a)
2023-09-03T16:32:41.7003434-03:00 0HMTCMGM0KEUJ:00000001 [INF] Request starting HTTP/1.1 GET http://localhost:5000/   (ca22a1cb)
2023-09-03T16:32:41.7192578-03:00 0HMTCMGM0KEUJ:00000001 [INF] Executing endpoint '"Hotsite.Controllers.HomeController.Index (Hotsite)"' (500cc934)
2023-09-03T16:32:41.7239199-03:00 0HMTCMGM0KEUJ:00000001 [INF] Route matched with "{action = \"Index\", controller = \"Home\"}". Executing controller action with signature "Microsoft.AspNetCore.Mvc.IActionResult Index()" on controller "Hotsite.Controllers.HomeController" ("Hotsite"). (122b2fdf)
2023-09-03T16:32:41.7295527-03:00 0HMTCMGM0KEUJ:00000001 [INF] Executing ViewResult, running view "Index". (c83d0e25)
2023-09-03T16:32:41.7387984-03:00 0HMTCMGM0KEUJ:00000001 [INF] Executed ViewResult - view "Index" executed in 9.9449ms. (f66409e9)
2023-09-03T16:32:41.7389421-03:00 0HMTCMGM0KEUJ:00000001 [INF] Executed action "Hotsite.Controllers.HomeController.Index (Hotsite)" in 14.557ms (afa2e885)
2023-09-03T16:32:41.7390098-03:00 0HMTCMGM0KEUJ:00000001 [INF] Executed endpoint '"Hotsite.Controllers.HomeController.Index (Hotsite)"' (99874f2b)
2023-09-03T16:32:41.7391948-03:00 0HMTCMGM0KEUJ:00000001 [INF] Request finished in 39.4993ms 200 text/html; charset=utf-8 (791a596a)
