2023-08-31T21:08:01.3332535-03:00  [INF] Now listening on: "http://localhost:5000" (d826f4b8)
2023-08-31T21:08:01.3838816-03:00  [INF] Application started. Press Ctrl+C to shut down. (dcaefe54)
2023-08-31T21:08:01.3840462-03:00  [INF] Hosting environment: "Development" (c3307c92)
2023-08-31T21:08:01.3840929-03:00  [INF] Content root path: "C:\Users\josiane\OneDrive\tii-jacir\projetohotsite" (b5d60022)
2023-08-31T21:08:05.4151905-03:00 0HMTAFU1SK2NN:00000001 [INF] Request starting HTTP/1.1 GET http://localhost:5000/   (ca22a1cb)
2023-08-31T21:08:05.6548130-03:00 0HMTAFU1SK2NN:00000001 [INF] Executing endpoint '"Hotsite.Controllers.HomeController.Index (Hotsite)"' (500cc934)
2023-08-31T21:08:05.8370998-03:00 0HMTAFU1SK2NN:00000001 [INF] Route matched with "{action = \"Index\", controller = \"Home\"}". Executing controller action with signature "Microsoft.AspNetCore.Mvc.IActionResult Index()" on controller "Hotsite.Controllers.HomeController" ("Hotsite"). (122b2fdf)
2023-08-31T21:08:05.9166534-03:00 0HMTAFU1SK2NN:00000001 [INF] Executing ViewResult, running view "Index". (c83d0e25)
2023-08-31T21:08:06.1660764-03:00 0HMTAFU1SK2NN:00000001 [INF] Executed ViewResult - view "Index" executed in 285.4105ms. (f66409e9)
2023-08-31T21:08:06.1664573-03:00 0HMTAFU1SK2NN:00000001 [INF] Executed action "Hotsite.Controllers.HomeController.Index (Hotsite)" in 328.8701ms (afa2e885)
2023-08-31T21:08:06.1671566-03:00 0HMTAFU1SK2NN:00000001 [INF] Executed endpoint '"Hotsite.Controllers.HomeController.Index (Hotsite)"' (99874f2b)
2023-08-31T21:08:06.1722982-03:00 0HMTAFU1SK2NN:00000001 [INF] Request finished in 764.2929ms 200 text/html; charset=utf-8 (791a596a)
2023-08-31T21:23:07.6543171-03:00  [INF] Application is shutting down... (90f52c38)
2023-08-31T21:30:23.5429830-03:00  [INF] Now listening on: "http://localhost:5000" (d826f4b8)
2023-08-31T21:30:23.5605498-03:00  [INF] Application started. Press Ctrl+C to shut down. (dcaefe54)
2023-08-31T21:30:23.5607008-03:00  [INF] Hosting environment: "Development" (c3307c92)
2023-08-31T21:30:23.5607382-03:00  [INF] Content root path: "C:\Users\josiane\OneDrive\tii-jacir\projetohotsite" (b5d60022)
2023-08-31T21:30:55.0642927-03:00 0HMTAGAQ45593:00000001 [INF] Request starting HTTP/1.1 GET http://localhost:5000/   (ca22a1cb)
2023-08-31T21:30:55.3407368-03:00 0HMTAGAQ45593:00000001 [INF] Executing endpoint '"Hotsite.Controllers.HomeController.Index (Hotsite)"' (500cc934)
2023-08-31T21:30:55.5369352-03:00 0HMTAGAQ45593:00000001 [INF] Route matched with "{action = \"Index\", controller = \"Home\"}". Executing controller action with signature "Microsoft.AspNetCore.Mvc.IActionResult Index()" on controller "Hotsite.Controllers.HomeController" ("Hotsite"). (122b2fdf)
2023-08-31T21:30:55.6001798-03:00 0HMTAGAQ45593:00000001 [INF] Executing ViewResult, running view "Index". (c83d0e25)
2023-08-31T21:30:56.0168581-03:00 0HMTAGAQ45593:00000001 [INF] Executed ViewResult - view "Index" executed in 358.9463ms. (f66409e9)
2023-08-31T21:30:56.0173613-03:00 0HMTAGAQ45593:00000001 [INF] Executed action "Hotsite.Controllers.HomeController.Index (Hotsite)" in 479.8332ms (afa2e885)
2023-08-31T21:30:56.0186259-03:00 0HMTAGAQ45593:00000001 [INF] Executed endpoint '"Hotsite.Controllers.HomeController.Index (Hotsite)"' (99874f2b)
2023-08-31T21:30:56.0223104-03:00 0HMTAGAQ45593:00000001 [INF] Request finished in 965.9713ms 200 text/html; charset=utf-8 (791a596a)
2023-08-31T21:30:56.1552485-03:00 0HMTAGAQ45593:00000002 [INF] Request starting HTTP/1.1 GET http://localhost:5000/   (ca22a1cb)
2023-08-31T21:30:56.1555248-03:00 0HMTAGAQ45593:00000002 [INF] Executing endpoint '"Hotsite.Controllers.HomeController.Index (Hotsite)"' (500cc934)
2023-08-31T21:30:56.1559745-03:00 0HMTAGAQ45593:00000002 [INF] Route matched with "{action = \"Index\", controller = \"Home\"}". Executing controller action with signature "Microsoft.AspNetCore.Mvc.IActionResult Index()" on controller "Hotsite.Controllers.HomeController" ("Hotsite"). (122b2fdf)
2023-08-31T21:30:56.1566729-03:00 0HMTAGAQ45593:00000002 [INF] Executing ViewResult, running view "Index". (c83d0e25)
2023-08-31T21:30:56.1739624-03:00 0HMTAGAQ45593:00000002 [INF] Executed ViewResult - view "Index" executed in 17.5911ms. (f66409e9)
2023-08-31T21:30:56.1740684-03:00 0HMTAGAQ45593:00000002 [INF] Executed action "Hotsite.Controllers.HomeController.Index (Hotsite)" in 18.0375ms (afa2e885)
2023-08-31T21:30:56.1741192-03:00 0HMTAGAQ45593:00000002 [INF] Executed endpoint '"Hotsite.Controllers.HomeController.Index (Hotsite)"' (99874f2b)
2023-08-31T21:30:56.1742609-03:00 0HMTAGAQ45593:00000002 [INF] Request finished in 19.0567ms 200 text/html; charset=utf-8 (791a596a)
2023-08-31T21:31:17.3180972-03:00 0HMTAGAQ45593:00000003 [INF] Request starting HTTP/1.1 POST http://localhost:5000/Home/Cadastrar application/x-www-form-urlencoded 95 (ca22a1cb)
2023-08-31T21:31:17.3210911-03:00 0HMTAGAQ45593:00000003 [INF] Executing endpoint '"Hotsite.Controllers.HomeController.Cadastrar (Hotsite)"' (500cc934)
2023-08-31T21:31:17.3629143-03:00 0HMTAGAQ45593:00000003 [INF] Route matched with "{action = \"Cadastrar\", controller = \"Home\"}". Executing controller action with signature "Microsoft.AspNetCore.Mvc.IActionResult Cadastrar(Hotsite.Models.Interesse)" on controller "Hotsite.Controllers.HomeController" ("Hotsite"). (122b2fdf)
2023-08-31T21:31:19.0738383-03:00 0HMTAGAQ45593:00000003 [INF] Executing ViewResult, running view "Index". (c83d0e25)
2023-08-31T21:31:19.0808394-03:00 0HMTAGAQ45593:00000003 [INF] Executed ViewResult - view "Index" executed in 7.0009ms. (f66409e9)
2023-08-31T21:31:19.0809619-03:00 0HMTAGAQ45593:00000003 [INF] Executed action "Hotsite.Controllers.HomeController.Cadastrar (Hotsite)" in 1717.9101ms (afa2e885)
2023-08-31T21:31:19.0810595-03:00 0HMTAGAQ45593:00000003 [INF] Executed endpoint '"Hotsite.Controllers.HomeController.Cadastrar (Hotsite)"' (99874f2b)
2023-08-31T21:31:19.0812050-03:00 0HMTAGAQ45593:00000003 [INF] Request finished in 1763.4397ms 200 text/html; charset=utf-8 (791a596a)
2023-08-31T21:31:30.0400748-03:00 0HMTAGAQ45594:00000001 [INF] Request starting HTTP/1.1 POST http://localhost:5000/Home/Cadastrar application/x-www-form-urlencoded 95 (ca22a1cb)
2023-08-31T21:31:30.0440837-03:00 0HMTAGAQ45594:00000001 [INF] Executing endpoint '"Hotsite.Controllers.HomeController.Cadastrar (Hotsite)"' (500cc934)
2023-08-31T21:31:30.0446618-03:00 0HMTAGAQ45594:00000001 [INF] Route matched with "{action = \"Cadastrar\", controller = \"Home\"}". Executing controller action with signature "Microsoft.AspNetCore.Mvc.IActionResult Cadastrar(Hotsite.Models.Interesse)" on controller "Hotsite.Controllers.HomeController" ("Hotsite"). (122b2fdf)
2023-08-31T21:31:30.2040415-03:00 0HMTAGAQ45595:00000001 [INF] Request starting HTTP/1.1 POST http://localhost:5000/Home/Cadastrar application/x-www-form-urlencoded 95 (ca22a1cb)
2023-08-31T21:31:30.2042094-03:00 0HMTAGAQ45595:00000001 [INF] Executing endpoint '"Hotsite.Controllers.HomeController.Cadastrar (Hotsite)"' (500cc934)
2023-08-31T21:31:30.2043293-03:00 0HMTAGAQ45595:00000001 [INF] Route matched with "{action = \"Cadastrar\", controller = \"Home\"}". Executing controller action with signature "Microsoft.AspNetCore.Mvc.IActionResult Cadastrar(Hotsite.Models.Interesse)" on controller "Hotsite.Controllers.HomeController" ("Hotsite"). (122b2fdf)
2023-08-31T21:31:30.3672607-03:00 0HMTAGAQ45594:00000001 [INF] Executing ViewResult, running view "Index". (c83d0e25)
2023-08-31T21:31:30.3697663-03:00 0HMTAGAQ45594:00000001 [INF] Executed ViewResult - view "Index" executed in 2.7377ms. (f66409e9)
2023-08-31T21:31:30.3699097-03:00 0HMTAGAQ45594:00000001 [INF] Executed action "Hotsite.Controllers.HomeController.Cadastrar (Hotsite)" in 325.1605ms (afa2e885)
2023-08-31T21:31:30.3699762-03:00 0HMTAGAQ45594:00000001 [INF] Executed endpoint '"Hotsite.Controllers.HomeController.Cadastrar (Hotsite)"' (99874f2b)
2023-08-31T21:31:30.3701048-03:00 0HMTAGAQ45594:00000001 [INF] Request finished in 330.6536ms 200 text/html; charset=utf-8 (791a596a)
2023-08-31T21:31:30.4562064-03:00 0HMTAGAQ45595:00000001 [INF] Executing ViewResult, running view "Index". (c83d0e25)
2023-08-31T21:31:30.4576761-03:00 0HMTAGAQ45595:00000001 [INF] Executed ViewResult - view "Index" executed in 1.4934ms. (f66409e9)
2023-08-31T21:31:30.4577485-03:00 0HMTAGAQ45595:00000001 [INF] Executed action "Hotsite.Controllers.HomeController.Cadastrar (Hotsite)" in 253.3655ms (afa2e885)
2023-08-31T21:31:30.4578020-03:00 0HMTAGAQ45595:00000001 [INF] Executed endpoint '"Hotsite.Controllers.HomeController.Cadastrar (Hotsite)"' (99874f2b)
2023-08-31T21:31:30.4589536-03:00 0HMTAGAQ45595:00000001 [INF] Request finished in 254.9885ms 200 text/html; charset=utf-8 (791a596a)
2023-08-31T21:31:50.0965947-03:00 0HMTAGAQ45595:00000002 [INF] Request starting HTTP/1.1 POST http://localhost:5000/Home/Cadastrar application/x-www-form-urlencoded 100 (ca22a1cb)
2023-08-31T21:31:50.0976776-03:00 0HMTAGAQ45595:00000002 [INF] Executing endpoint '"Hotsite.Controllers.HomeController.Cadastrar (Hotsite)"' (500cc934)
2023-08-31T21:31:50.0985073-03:00 0HMTAGAQ45595:00000002 [INF] Route matched with "{action = \"Cadastrar\", controller = \"Home\"}". Executing controller action with signature "Microsoft.AspNetCore.Mvc.IActionResult Cadastrar(Hotsite.Models.Interesse)" on controller "Hotsite.Controllers.HomeController" ("Hotsite"). (122b2fdf)
2023-08-31T21:31:50.1648864-03:00 0HMTAGAQ45595:00000002 [INF] Executing ViewResult, running view "Index". (c83d0e25)
2023-08-31T21:31:50.1685363-03:00 0HMTAGAQ45595:00000002 [INF] Executed ViewResult - view "Index" executed in 3.8124ms. (f66409e9)
2023-08-31T21:31:50.1686460-03:00 0HMTAGAQ45595:00000002 [INF] Executed action "Hotsite.Controllers.HomeController.Cadastrar (Hotsite)" in 69.9326ms (afa2e885)
2023-08-31T21:31:50.1687122-03:00 0HMTAGAQ45595:00000002 [INF] Executed endpoint '"Hotsite.Controllers.HomeController.Cadastrar (Hotsite)"' (99874f2b)
2023-08-31T21:31:50.1688381-03:00 0HMTAGAQ45595:00000002 [INF] Request finished in 78.7168ms 200 text/html; charset=utf-8 (791a596a)
2023-08-31T21:33:02.6508506-03:00 0HMTAGAQ45596:00000001 [INF] Request starting HTTP/1.1 POST http://localhost:5000/Home/Cadastrar application/x-www-form-urlencoded 39 (ca22a1cb)
2023-08-31T21:33:02.6513567-03:00 0HMTAGAQ45596:00000001 [INF] Executing endpoint '"Hotsite.Controllers.HomeController.Cadastrar (Hotsite)"' (500cc934)
2023-08-31T21:33:02.6519280-03:00 0HMTAGAQ45596:00000001 [INF] Route matched with "{action = \"Cadastrar\", controller = \"Home\"}". Executing controller action with signature "Microsoft.AspNetCore.Mvc.IActionResult Cadastrar(Hotsite.Models.Interesse)" on controller "Hotsite.Controllers.HomeController" ("Hotsite"). (122b2fdf)
2023-08-31T21:33:02.7434342-03:00 0HMTAGAQ45596:00000001 [INF] Executing ViewResult, running view "Index". (c83d0e25)
2023-08-31T21:33:02.7458583-03:00 0HMTAGAQ45596:00000001 [INF] Executed ViewResult - view "Index" executed in 4.8189ms. (f66409e9)
2023-08-31T21:33:02.7459674-03:00 0HMTAGAQ45596:00000001 [INF] Executed action "Hotsite.Controllers.HomeController.Cadastrar (Hotsite)" in 93.901ms (afa2e885)
2023-08-31T21:33:02.7460233-03:00 0HMTAGAQ45596:00000001 [INF] Executed endpoint '"Hotsite.Controllers.HomeController.Cadastrar (Hotsite)"' (99874f2b)
2023-08-31T21:33:02.7461768-03:00 0HMTAGAQ45596:00000001 [INF] Request finished in 95.5555ms 200 text/html; charset=utf-8 (791a596a)
2023-08-31T21:33:02.7669634-03:00 0HMTAGAQ45597:00000001 [INF] Request starting HTTP/1.1 POST http://localhost:5000/Home/Cadastrar application/x-www-form-urlencoded 39 (ca22a1cb)
2023-08-31T21:33:02.7674553-03:00 0HMTAGAQ45597:00000001 [INF] Executing endpoint '"Hotsite.Controllers.HomeController.Cadastrar (Hotsite)"' (500cc934)
2023-08-31T21:33:02.7678136-03:00 0HMTAGAQ45597:00000001 [INF] Route matched with "{action = \"Cadastrar\", controller = \"Home\"}". Executing controller action with signature "Microsoft.AspNetCore.Mvc.IActionResult Cadastrar(Hotsite.Models.Interesse)" on controller "Hotsite.Controllers.HomeController" ("Hotsite"). (122b2fdf)
2023-08-31T21:33:02.8926416-03:00 0HMTAGAQ45597:00000001 [INF] Executing ViewResult, running view "Index". (c83d0e25)
2023-08-31T21:33:02.9005376-03:00 0HMTAGAQ45597:00000001 [INF] Executed ViewResult - view "Index" executed in 8.2416ms. (f66409e9)
2023-08-31T21:33:02.9008509-03:00 0HMTAGAQ45597:00000001 [INF] Executed action "Hotsite.Controllers.HomeController.Cadastrar (Hotsite)" in 132.8801ms (afa2e885)
2023-08-31T21:33:02.9010559-03:00 0HMTAGAQ45597:00000001 [INF] Executed endpoint '"Hotsite.Controllers.HomeController.Cadastrar (Hotsite)"' (99874f2b)
2023-08-31T21:33:02.9014635-03:00 0HMTAGAQ45597:00000001 [INF] Request finished in 134.4819ms 200 text/html; charset=utf-8 (791a596a)
2023-08-31T21:33:27.3669652-03:00 0HMTAGAQ45598:00000001 [INF] Request starting HTTP/1.1 POST http://localhost:5000/Home/Cadastrar application/x-www-form-urlencoded 39 (ca22a1cb)
2023-08-31T21:33:27.3678133-03:00 0HMTAGAQ45598:00000001 [INF] Executing endpoint '"Hotsite.Controllers.HomeController.Cadastrar (Hotsite)"' (500cc934)
2023-08-31T21:33:27.3691353-03:00 0HMTAGAQ45598:00000001 [INF] Route matched with "{action = \"Cadastrar\", controller = \"Home\"}". Executing controller action with signature "Microsoft.AspNetCore.Mvc.IActionResult Cadastrar(Hotsite.Models.Interesse)" on controller "Hotsite.Controllers.HomeController" ("Hotsite"). (122b2fdf)
2023-08-31T21:33:27.4299397-03:00 0HMTAGAQ45598:00000001 [INF] Executing ViewResult, running view "Index". (c83d0e25)
2023-08-31T21:33:27.4323900-03:00 0HMTAGAQ45598:00000001 [INF] Executed ViewResult - view "Index" executed in 2.4916ms. (f66409e9)
2023-08-31T21:33:27.4324880-03:00 0HMTAGAQ45598:00000001 [INF] Executed action "Hotsite.Controllers.HomeController.Cadastrar (Hotsite)" in 63.2083ms (afa2e885)
2023-08-31T21:33:27.4325536-03:00 0HMTAGAQ45598:00000001 [INF] Executed endpoint '"Hotsite.Controllers.HomeController.Cadastrar (Hotsite)"' (99874f2b)
2023-08-31T21:33:27.4327028-03:00 0HMTAGAQ45598:00000001 [INF] Request finished in 65.9594ms 200 text/html; charset=utf-8 (791a596a)
2023-08-31T21:33:27.4740377-03:00 0HMTAGAQ45599:00000001 [INF] Request starting HTTP/1.1 POST http://localhost:5000/Home/Cadastrar application/x-www-form-urlencoded 39 (ca22a1cb)
2023-08-31T21:33:27.4741320-03:00 0HMTAGAQ45599:00000001 [INF] Executing endpoint '"Hotsite.Controllers.HomeController.Cadastrar (Hotsite)"' (500cc934)
2023-08-31T21:33:27.4742360-03:00 0HMTAGAQ45599:00000001 [INF] Route matched with "{action = \"Cadastrar\", controller = \"Home\"}". Executing controller action with signature "Microsoft.AspNetCore.Mvc.IActionResult Cadastrar(Hotsite.Models.Interesse)" on controller "Hotsite.Controllers.HomeController" ("Hotsite"). (122b2fdf)
2023-08-31T21:33:27.5668937-03:00 0HMTAGAQ45599:00000001 [INF] Executing ViewResult, running view "Index". (c83d0e25)
2023-08-31T21:33:27.5675946-03:00 0HMTAGAQ45599:00000001 [INF] Executed ViewResult - view "Index" executed in 0.7442ms. (f66409e9)
2023-08-31T21:33:27.5676503-03:00 0HMTAGAQ45599:00000001 [INF] Executed action "Hotsite.Controllers.HomeController.Cadastrar (Hotsite)" in 93.3728ms (afa2e885)
2023-08-31T21:33:27.5676878-03:00 0HMTAGAQ45599:00000001 [INF] Executed endpoint '"Hotsite.Controllers.HomeController.Cadastrar (Hotsite)"' (99874f2b)
2023-08-31T21:33:27.5677412-03:00 0HMTAGAQ45599:00000001 [INF] Request finished in 93.7432ms 200 text/html; charset=utf-8 (791a596a)
2023-08-31T21:38:12.3438182-03:00  [INF] Application is shutting down... (90f52c38)
