2023-09-14T16:10:35.6253860-03:00  [INF] Now listening on: "http://localhost:5000" (d826f4b8)
2023-09-14T16:10:35.6445493-03:00  [INF] Application started. Press Ctrl+C to shut down. (dcaefe54)
2023-09-14T16:10:35.6447154-03:00  [INF] Hosting environment: "Development" (c3307c92)
2023-09-14T16:10:35.6447597-03:00  [INF] Content root path: "C:\Users\josiane\OneDrive\tii-jacir\projetohotsite" (b5d60022)
2023-09-14T16:10:46.9931256-03:00 0HMTLAP6G1P4Q:00000001 [INF] Request starting HTTP/1.1 GET http://localhost:5000/   (ca22a1cb)
2023-09-14T16:10:47.0980937-03:00 0HMTLAP6G1P4Q:00000001 [INF] Executing endpoint '"Hotsite.Controllers.HomeController.Index (Hotsite)"' (500cc934)
2023-09-14T16:10:47.1977703-03:00 0HMTLAP6G1P4Q:00000001 [INF] Route matched with "{action = \"Index\", controller = \"Home\"}". Executing controller action with signature "Microsoft.AspNetCore.Mvc.IActionResult Index()" on controller "Hotsite.Controllers.HomeController" ("Hotsite"). (122b2fdf)
2023-09-14T16:10:47.2642735-03:00 0HMTLAP6G1P4Q:00000001 [INF] Executing ViewResult, running view "Index". (c83d0e25)
2023-09-14T16:10:47.5548166-03:00 0HMTLAP6G1P4Q:00000001 [INF] Executed ViewResult - view "Index" executed in 300.32ms. (f66409e9)
2023-09-14T16:10:47.5559681-03:00 0HMTLAP6G1P4Q:00000001 [INF] Executed action "Hotsite.Controllers.HomeController.Index (Hotsite)" in 357.6335ms (afa2e885)
2023-09-14T16:10:47.5572340-03:00 0HMTLAP6G1P4Q:00000001 [INF] Executed endpoint '"Hotsite.Controllers.HomeController.Index (Hotsite)"' (99874f2b)
2023-09-14T16:10:47.6613058-03:00 0HMTLAP6G1P4Q:00000001 [INF] Request finished in 680.7591ms 200 text/html; charset=utf-8 (791a596a)
2023-09-14T16:10:47.6944476-03:00 0HMTLAP6G1P4Q:00000002 [INF] Request starting HTTP/1.1 GET http://localhost:5000/lib/bootstrap/dist/css/bootstrap.min.css   (ca22a1cb)
2023-09-14T16:10:47.6944476-03:00 0HMTLAP6G1P4R:00000001 [INF] Request starting HTTP/1.1 GET http://localhost:5000/imagens/principal.jpg   (ca22a1cb)
2023-09-14T16:10:47.6953190-03:00 0HMTLAP6G1P4T:00000001 [INF] Request starting HTTP/1.1 GET http://localhost:5000/lib/jquery/dist/jquery.js   (ca22a1cb)
2023-09-14T16:10:47.6965890-03:00 0HMTLAP6G1P4V:00000001 [INF] Request starting HTTP/1.1 GET http://localhost:5000/imagens/woman.jpg   (ca22a1cb)
2023-09-14T16:10:47.7249717-03:00 0HMTLAP6G1P4S:00000001 [INF] Request starting HTTP/1.1 GET http://localhost:5000/imagens/atletica.jpg   (ca22a1cb)
2023-09-14T16:10:47.7270274-03:00 0HMTLAP6G1P4U:00000001 [INF] Request starting HTTP/1.1 GET http://localhost:5000/imagens/planner.jpg   (ca22a1cb)
2023-09-14T16:10:47.7559186-03:00 0HMTLAP6G1P4Q:00000002 [INF] Sending file. Request path: '"/lib/bootstrap/dist/css/bootstrap.min.css"'. Physical path: '"C:\Users\josiane\OneDrive\tii-jacir\projetohotsite\wwwroot\lib\bootstrap\dist\css\bootstrap.min.css"' (27b0a520)
2023-09-14T16:10:47.7559185-03:00 0HMTLAP6G1P4U:00000001 [INF] Sending file. Request path: '"/imagens/planner.jpg"'. Physical path: '"C:\Users\josiane\OneDrive\tii-jacir\projetohotsite\wwwroot\imagens\planner.jpg"' (27b0a520)
2023-09-14T16:10:47.7560181-03:00 0HMTLAP6G1P4T:00000001 [INF] Sending file. Request path: '"/lib/jquery/dist/jquery.js"'. Physical path: '"C:\Users\josiane\OneDrive\tii-jacir\projetohotsite\wwwroot\lib\jquery\dist\jquery.js"' (27b0a520)
2023-09-14T16:10:47.7567751-03:00 0HMTLAP6G1P4T:00000001 [INF] Request finished in 61.4335ms 200 application/javascript (791a596a)
2023-09-14T16:10:47.7567751-03:00 0HMTLAP6G1P4Q:00000002 [INF] Request finished in 62.3453ms 200 text/css (791a596a)
2023-09-14T16:10:47.7705295-03:00 0HMTLAP6G1P4R:00000001 [INF] Sending file. Request path: '"/imagens/principal.jpg"'. Physical path: '"C:\Users\josiane\OneDrive\tii-jacir\projetohotsite\wwwroot\imagens\principal.jpg"' (27b0a520)
2023-09-14T16:10:47.7707490-03:00 0HMTLAP6G1P4R:00000001 [INF] Request finished in 76.3343ms 200 image/jpeg (791a596a)
2023-09-14T16:10:47.7713324-03:00 0HMTLAP6G1P4U:00000001 [INF] Request finished in 44.3412ms 200 image/jpeg (791a596a)
2023-09-14T16:10:47.8545942-03:00 0HMTLAP6G1P4U:00000002 [INF] Request starting HTTP/1.1 GET http://localhost:5000/imagens/money.jpg   (ca22a1cb)
2023-09-14T16:10:47.8581411-03:00 0HMTLAP6G1P4U:00000002 [INF] Sending file. Request path: '"/imagens/money.jpg"'. Physical path: '"C:\Users\josiane\OneDrive\tii-jacir\projetohotsite\wwwroot\imagens\money.jpg"' (27b0a520)
2023-09-14T16:10:47.8582542-03:00 0HMTLAP6G1P4U:00000002 [INF] Request finished in 3.6765ms 200 image/jpeg (791a596a)
2023-09-14T16:10:47.9789196-03:00 0HMTLAP6G1P4Q:00000003 [INF] Request starting HTTP/1.1 GET http://localhost:5000/lib/bootstrap/dist/js/bootstrap.min.js   (ca22a1cb)
2023-09-14T16:10:47.9802536-03:00 0HMTLAP6G1P4Q:00000003 [INF] Sending file. Request path: '"/lib/bootstrap/dist/js/bootstrap.min.js"'. Physical path: '"C:\Users\josiane\OneDrive\tii-jacir\projetohotsite\wwwroot\lib\bootstrap\dist\js\bootstrap.min.js"' (27b0a520)
2023-09-14T16:10:47.9803599-03:00 0HMTLAP6G1P4Q:00000003 [INF] Request finished in 1.6393ms 200 application/javascript (791a596a)
2023-09-14T16:10:47.9814279-03:00 0HMTLAP6G1P4T:00000002 [INF] Request starting HTTP/1.1 GET http://localhost:5000/lib/bootstrap/dist/js/bootstrap.bundle.js   (ca22a1cb)
2023-09-14T16:10:47.9871616-03:00 0HMTLAP6G1P4U:00000003 [INF] Request starting HTTP/1.1 GET http://localhost:5000/imagens/corporat.png   (ca22a1cb)
2023-09-14T16:10:47.9895908-03:00 0HMTLAP6G1P4U:00000003 [INF] Sending file. Request path: '"/imagens/corporat.png"'. Physical path: '"C:\Users\josiane\OneDrive\tii-jacir\projetohotsite\wwwroot\imagens\corporat.png"' (27b0a520)
2023-09-14T16:10:47.9896765-03:00 0HMTLAP6G1P4U:00000003 [INF] Request finished in 2.5623ms 200 image/png (791a596a)
2023-09-14T16:10:47.9927860-03:00 0HMTLAP6G1P4T:00000002 [INF] Sending file. Request path: '"/lib/bootstrap/dist/js/bootstrap.bundle.js"'. Physical path: '"C:\Users\josiane\OneDrive\tii-jacir\projetohotsite\wwwroot\lib\bootstrap\dist\js\bootstrap.bundle.js"' (27b0a520)
2023-09-14T16:10:47.9929294-03:00 0HMTLAP6G1P4T:00000002 [INF] Request finished in 11.68ms 200 application/javascript (791a596a)
2023-09-14T16:10:47.9946079-03:00 0HMTLAP6G1P4R:00000002 [INF] Request starting HTTP/1.1 GET http://localhost:5000/imagens/ice.png   (ca22a1cb)
2023-09-14T16:10:48.0045819-03:00 0HMTLAP6G1P4R:00000002 [INF] Sending file. Request path: '"/imagens/ice.png"'. Physical path: '"C:\Users\josiane\OneDrive\tii-jacir\projetohotsite\wwwroot\imagens\ice.png"' (27b0a520)
2023-09-14T16:10:48.0047035-03:00 0HMTLAP6G1P4R:00000002 [INF] Request finished in 10.1208ms 200 image/png (791a596a)
2023-09-14T16:10:48.0146379-03:00 0HMTLAP6G1P4U:00000004 [INF] Request starting HTTP/1.1 GET http://localhost:5000/imagens/logo.jpg   (ca22a1cb)
2023-09-14T16:10:48.0155648-03:00 0HMTLAP6G1P4U:00000004 [INF] Sending file. Request path: '"/imagens/logo.jpg"'. Physical path: '"C:\Users\josiane\OneDrive\tii-jacir\projetohotsite\wwwroot\imagens\logo.jpg"' (27b0a520)
2023-09-14T16:10:48.0156664-03:00 0HMTLAP6G1P4U:00000004 [INF] Request finished in 1.0576ms 200 image/jpeg (791a596a)
2023-09-14T16:10:48.0391681-03:00 0HMTLAP6G1P4Q:00000004 [INF] Request starting HTTP/1.1 GET http://localhost:5000/imagens/logo2.png   (ca22a1cb)
2023-09-14T16:10:48.0538203-03:00 0HMTLAP6G1P4Q:00000004 [INF] Sending file. Request path: '"/imagens/logo2.png"'. Physical path: '"C:\Users\josiane\OneDrive\tii-jacir\projetohotsite\wwwroot\imagens\logo2.png"' (27b0a520)
2023-09-14T16:10:48.0539289-03:00 0HMTLAP6G1P4Q:00000004 [INF] Request finished in 31.3477ms 200 image/png (791a596a)
2023-09-14T16:10:48.2786894-03:00 0HMTLAP6G1P4V:00000001 [INF] Sending file. Request path: '"/imagens/woman.jpg"'. Physical path: '"C:\Users\josiane\OneDrive\tii-jacir\projetohotsite\wwwroot\imagens\woman.jpg"' (27b0a520)
2023-09-14T16:10:48.2799632-03:00 0HMTLAP6G1P4V:00000001 [INF] Request finished in 583.134ms 200 image/jpeg (791a596a)
2023-09-14T16:10:48.6315665-03:00 0HMTLAP6G1P4S:00000001 [INF] Sending file. Request path: '"/imagens/atletica.jpg"'. Physical path: '"C:\Users\josiane\OneDrive\tii-jacir\projetohotsite\wwwroot\imagens\atletica.jpg"' (27b0a520)
2023-09-14T16:10:48.6321364-03:00 0HMTLAP6G1P4S:00000001 [INF] Request finished in 906.9578ms 200 image/jpeg (791a596a)
2023-09-14T16:10:48.7965870-03:00 0HMTLAP6G1P4S:00000002 [INF] Request starting HTTP/1.1 GET http://localhost:5000/favicon.ico   (ca22a1cb)
2023-09-14T16:10:48.7984069-03:00 0HMTLAP6G1P4S:00000002 [INF] Sending file. Request path: '"/favicon.ico"'. Physical path: '"C:\Users\josiane\OneDrive\tii-jacir\projetohotsite\wwwroot\favicon.ico"' (27b0a520)
2023-09-14T16:10:48.7985952-03:00 0HMTLAP6G1P4S:00000002 [INF] Request finished in 2.337ms 200 image/x-icon (791a596a)
2023-09-14T16:11:13.4985784-03:00 0HMTLAP6G1P4S:00000003 [INF] Request starting HTTP/1.1 POST http://localhost:5000/Home/Cadastrar application/x-www-form-urlencoded 62 (ca22a1cb)
2023-09-14T16:11:13.5098191-03:00 0HMTLAP6G1P4S:00000003 [INF] Executing endpoint '"Hotsite.Controllers.HomeController.Cadastrar (Hotsite)"' (500cc934)
2023-09-14T16:11:13.5359927-03:00 0HMTLAP6G1P4S:00000003 [INF] Route matched with "{action = \"Cadastrar\", controller = \"Home\"}". Executing controller action with signature "Microsoft.AspNetCore.Mvc.IActionResult Cadastrar(Hotsite.Models.Interesse)" on controller "Hotsite.Controllers.HomeController" ("Hotsite"). (122b2fdf)
2023-09-14T16:11:14.6804508-03:00 0HMTLAP6G1P4S:00000003 [INF] Executing JsonResult, writing value of type '"<>f__AnonymousType0`2[[System.Boolean, System.Private.CoreLib, Version=4.0.0.0, Culture=neutral, PublicKeyToken=7cec85d7bea7798e],[System.String, System.Private.CoreLib, Version=4.0.0.0, Culture=neutral, PublicKeyToken=7cec85d7bea7798e]]"'. (2f513669)
2023-09-14T16:11:14.6983781-03:00 0HMTLAP6G1P4S:00000003 [INF] Executed action "Hotsite.Controllers.HomeController.Cadastrar (Hotsite)" in 1162.1643ms (afa2e885)
2023-09-14T16:11:14.6984813-03:00 0HMTLAP6G1P4S:00000003 [INF] Executed endpoint '"Hotsite.Controllers.HomeController.Cadastrar (Hotsite)"' (99874f2b)
2023-09-14T16:11:14.6986142-03:00 0HMTLAP6G1P4S:00000003 [INF] Request finished in 1200.3094ms 200 application/json; charset=utf-8 (791a596a)
2023-09-14T16:11:35.1788366-03:00 0HMTLAP6G1P4S:00000004 [INF] Request starting HTTP/1.1 POST http://localhost:5000/Home/Cadastrar application/x-www-form-urlencoded 62 (ca22a1cb)
2023-09-14T16:11:35.1811202-03:00 0HMTLAP6G1P4S:00000004 [INF] Executing endpoint '"Hotsite.Controllers.HomeController.Cadastrar (Hotsite)"' (500cc934)
2023-09-14T16:11:35.1819127-03:00 0HMTLAP6G1P4S:00000004 [INF] Route matched with "{action = \"Cadastrar\", controller = \"Home\"}". Executing controller action with signature "Microsoft.AspNetCore.Mvc.IActionResult Cadastrar(Hotsite.Models.Interesse)" on controller "Hotsite.Controllers.HomeController" ("Hotsite"). (122b2fdf)
2023-09-14T16:11:39.4247650-03:00 0HMTLAP6G1P4S:00000004 [ERR] Erro ao conectar com o banco de dados!An exception has been raised that is likely due to a transient failure. Consider enabling transient error resiliency by adding 'EnableRetryOnFailure()' to the 'UseMySql' call. (b40e3643)
2023-09-14T16:11:39.4279440-03:00 0HMTLAP6G1P4S:00000004 [INF] Executing JsonResult, writing value of type '"<>f__AnonymousType0`2[[System.Boolean, System.Private.CoreLib, Version=4.0.0.0, Culture=neutral, PublicKeyToken=7cec85d7bea7798e],[System.String, System.Private.CoreLib, Version=4.0.0.0, Culture=neutral, PublicKeyToken=7cec85d7bea7798e]]"'. (2f513669)
2023-09-14T16:11:39.4293236-03:00 0HMTLAP6G1P4S:00000004 [INF] Executed action "Hotsite.Controllers.HomeController.Cadastrar (Hotsite)" in 4247.218ms (afa2e885)
2023-09-14T16:11:39.4294007-03:00 0HMTLAP6G1P4S:00000004 [INF] Executed endpoint '"Hotsite.Controllers.HomeController.Cadastrar (Hotsite)"' (99874f2b)
2023-09-14T16:11:39.4295559-03:00 0HMTLAP6G1P4S:00000004 [INF] Request finished in 4251.125ms 200 application/json; charset=utf-8 (791a596a)
2023-09-14T16:15:04.8147723-03:00  [INF] Application is shutting down... (90f52c38)
2023-09-14T16:15:13.6497278-03:00  [INF] Now listening on: "http://localhost:5000" (d826f4b8)
2023-09-14T16:15:13.6595279-03:00  [INF] Application started. Press Ctrl+C to shut down. (dcaefe54)
2023-09-14T16:15:13.6596651-03:00  [INF] Hosting environment: "Development" (c3307c92)
2023-09-14T16:15:13.6597116-03:00  [INF] Content root path: "C:\Users\josiane\OneDrive\tii-jacir\projetohotsite" (b5d60022)
2023-09-14T16:15:28.0701916-03:00 0HMTLARQB63VP:00000001 [INF] Request starting HTTP/1.1 POST http://localhost:5000/Home/Cadastrar application/x-www-form-urlencoded 114 (ca22a1cb)
2023-09-14T16:15:28.2117799-03:00 0HMTLARQB63VP:00000001 [INF] Executing endpoint '"Hotsite.Controllers.HomeController.Cadastrar (Hotsite)"' (500cc934)
2023-09-14T16:15:28.3466408-03:00 0HMTLARQB63VP:00000001 [INF] Route matched with "{action = \"Cadastrar\", controller = \"Home\"}". Executing controller action with signature "Microsoft.AspNetCore.Mvc.IActionResult Cadastrar(Hotsite.Models.Interesse)" on controller "Hotsite.Controllers.HomeController" ("Hotsite"). (122b2fdf)
2023-09-14T16:15:33.3701446-03:00 0HMTLARQB63VP:00000001 [ERR] Erro ao conectar com o banco de dados!An exception has been raised that is likely due to a transient failure. Consider enabling transient error resiliency by adding 'EnableRetryOnFailure()' to the 'UseMySql' call. (b40e3643)
2023-09-14T16:15:33.3949999-03:00 0HMTLARQB63VP:00000001 [INF] Executing JsonResult, writing value of type '"<>f__AnonymousType0`2[[System.Boolean, System.Private.CoreLib, Version=4.0.0.0, Culture=neutral, PublicKeyToken=7cec85d7bea7798e],[System.String, System.Private.CoreLib, Version=4.0.0.0, Culture=neutral, PublicKeyToken=7cec85d7bea7798e]]"'. (2f513669)
2023-09-14T16:15:33.4417456-03:00 0HMTLARQB63VP:00000001 [INF] Executed action "Hotsite.Controllers.HomeController.Cadastrar (Hotsite)" in 5078.0045ms (afa2e885)
2023-09-14T16:15:33.4425851-03:00 0HMTLARQB63VP:00000001 [INF] Executed endpoint '"Hotsite.Controllers.HomeController.Cadastrar (Hotsite)"' (99874f2b)
2023-09-14T16:15:33.4435895-03:00 0HMTLARQB63VP:00000001 [INF] Request finished in 5379.6966ms 200 application/json; charset=utf-8 (791a596a)
2023-09-14T16:15:34.0260347-03:00 0HMTLARQB63VP:00000002 [INF] Request starting HTTP/1.1 GET http://localhost:5000/   (ca22a1cb)
2023-09-14T16:15:34.0268608-03:00 0HMTLARQB63VP:00000002 [INF] Executing endpoint '"Hotsite.Controllers.HomeController.Index (Hotsite)"' (500cc934)
2023-09-14T16:15:34.0304106-03:00 0HMTLARQB63VP:00000002 [INF] Route matched with "{action = \"Index\", controller = \"Home\"}". Executing controller action with signature "Microsoft.AspNetCore.Mvc.IActionResult Index()" on controller "Hotsite.Controllers.HomeController" ("Hotsite"). (122b2fdf)
2023-09-14T16:15:34.0651494-03:00 0HMTLARQB63VP:00000002 [INF] Executing ViewResult, running view "Index". (c83d0e25)
2023-09-14T16:15:34.2757491-03:00 0HMTLARQB63VP:00000002 [INF] Executed ViewResult - view "Index" executed in 213.9318ms. (f66409e9)
2023-09-14T16:15:34.2761587-03:00 0HMTLARQB63VP:00000002 [INF] Executed action "Hotsite.Controllers.HomeController.Index (Hotsite)" in 245.4353ms (afa2e885)
2023-09-14T16:15:34.2762532-03:00 0HMTLARQB63VP:00000002 [INF] Executed endpoint '"Hotsite.Controllers.HomeController.Index (Hotsite)"' (99874f2b)
2023-09-14T16:15:34.2788708-03:00 0HMTLARQB63VP:00000002 [INF] Request finished in 253.925ms 200 text/html; charset=utf-8 (791a596a)
2023-09-14T16:15:34.3936785-03:00 0HMTLARQB63VP:00000003 [INF] Request starting HTTP/1.1 GET http://localhost:5000/css/site.css   (ca22a1cb)
2023-09-14T16:15:34.3977067-03:00 0HMTLARQB63VQ:00000001 [INF] Request starting HTTP/1.1 GET http://localhost:5000/js/site.js   (ca22a1cb)
2023-09-14T16:15:34.4217992-03:00 0HMTLARQB63VQ:00000001 [INF] Sending file. Request path: '"/js/site.js"'. Physical path: '"C:\Users\josiane\OneDrive\tii-jacir\projetohotsite\wwwroot\js\site.js"' (27b0a520)
2023-09-14T16:15:34.4221535-03:00 0HMTLARQB63VQ:00000001 [INF] Request finished in 24.3058ms 200 application/javascript (791a596a)
2023-09-14T16:15:34.4225101-03:00 0HMTLARQB63VP:00000003 [INF] Sending file. Request path: '"/css/site.css"'. Physical path: '"C:\Users\josiane\OneDrive\tii-jacir\projetohotsite\wwwroot\css\site.css"' (27b0a520)
2023-09-14T16:15:34.4226697-03:00 0HMTLARQB63VP:00000003 [INF] Request finished in 29.0471ms 200 text/css (791a596a)
2023-09-14T16:15:52.3243141-03:00 0HMTLARQB63VP:00000004 [INF] Request starting HTTP/1.1 POST http://localhost:5000/Home/Cadastrar application/x-www-form-urlencoded; charset=UTF-8 124 (ca22a1cb)
2023-09-14T16:15:52.3265707-03:00 0HMTLARQB63VP:00000004 [INF] Executing endpoint '"Hotsite.Controllers.HomeController.Cadastrar (Hotsite)"' (500cc934)
2023-09-14T16:15:52.3274292-03:00 0HMTLARQB63VP:00000004 [INF] Route matched with "{action = \"Cadastrar\", controller = \"Home\"}". Executing controller action with signature "Microsoft.AspNetCore.Mvc.IActionResult Cadastrar(Hotsite.Models.Interesse)" on controller "Hotsite.Controllers.HomeController" ("Hotsite"). (122b2fdf)
2023-09-14T16:15:56.4847246-03:00 0HMTLARQB63VP:00000004 [ERR] Erro ao conectar com o banco de dados!An exception has been raised that is likely due to a transient failure. Consider enabling transient error resiliency by adding 'EnableRetryOnFailure()' to the 'UseMySql' call. (b40e3643)
2023-09-14T16:15:56.4868808-03:00 0HMTLARQB63VP:00000004 [INF] Executing JsonResult, writing value of type '"<>f__AnonymousType0`2[[System.Boolean, System.Private.CoreLib, Version=4.0.0.0, Culture=neutral, PublicKeyToken=7cec85d7bea7798e],[System.String, System.Private.CoreLib, Version=4.0.0.0, Culture=neutral, PublicKeyToken=7cec85d7bea7798e]]"'. (2f513669)
2023-09-14T16:15:56.4888112-03:00 0HMTLARQB63VP:00000004 [INF] Executed action "Hotsite.Controllers.HomeController.Cadastrar (Hotsite)" in 4161.1041ms (afa2e885)
2023-09-14T16:15:56.4891511-03:00 0HMTLARQB63VP:00000004 [INF] Executed endpoint '"Hotsite.Controllers.HomeController.Cadastrar (Hotsite)"' (99874f2b)
2023-09-14T16:15:56.4896260-03:00 0HMTLARQB63VP:00000004 [INF] Request finished in 4165.8263ms 200 application/json; charset=utf-8 (791a596a)
2023-09-14T16:16:07.6188516-03:00 0HMTLARQB63VP:00000005 [INF] Request starting HTTP/1.1 POST http://localhost:5000/Home/Cadastrar application/x-www-form-urlencoded; charset=UTF-8 124 (ca22a1cb)
2023-09-14T16:16:07.6196357-03:00 0HMTLARQB63VP:00000005 [INF] Executing endpoint '"Hotsite.Controllers.HomeController.Cadastrar (Hotsite)"' (500cc934)
2023-09-14T16:16:07.6203322-03:00 0HMTLARQB63VP:00000005 [INF] Route matched with "{action = \"Cadastrar\", controller = \"Home\"}". Executing controller action with signature "Microsoft.AspNetCore.Mvc.IActionResult Cadastrar(Hotsite.Models.Interesse)" on controller "Hotsite.Controllers.HomeController" ("Hotsite"). (122b2fdf)
2023-09-14T16:16:11.7593993-03:00 0HMTLARQB63VP:00000005 [ERR] Erro ao conectar com o banco de dados!An exception has been raised that is likely due to a transient failure. Consider enabling transient error resiliency by adding 'EnableRetryOnFailure()' to the 'UseMySql' call. (b40e3643)
2023-09-14T16:16:11.7612472-03:00 0HMTLARQB63VP:00000005 [INF] Executing JsonResult, writing value of type '"<>f__AnonymousType0`2[[System.Boolean, System.Private.CoreLib, Version=4.0.0.0, Culture=neutral, PublicKeyToken=7cec85d7bea7798e],[System.String, System.Private.CoreLib, Version=4.0.0.0, Culture=neutral, PublicKeyToken=7cec85d7bea7798e]]"'. (2f513669)
2023-09-14T16:16:11.7629009-03:00 0HMTLARQB63VP:00000005 [INF] Executed action "Hotsite.Controllers.HomeController.Cadastrar (Hotsite)" in 4142.2481ms (afa2e885)
2023-09-14T16:16:11.7631416-03:00 0HMTLARQB63VP:00000005 [INF] Executed endpoint '"Hotsite.Controllers.HomeController.Cadastrar (Hotsite)"' (99874f2b)
2023-09-14T16:16:11.7635350-03:00 0HMTLARQB63VP:00000005 [INF] Request finished in 4144.8379ms 200 application/json; charset=utf-8 (791a596a)
2023-09-14T16:16:14.7780217-03:00 0HMTLARQB63VP:00000006 [INF] Request starting HTTP/1.1 POST http://localhost:5000/Home/Cadastrar application/x-www-form-urlencoded; charset=UTF-8 124 (ca22a1cb)
2023-09-14T16:16:14.7786430-03:00 0HMTLARQB63VP:00000006 [INF] Executing endpoint '"Hotsite.Controllers.HomeController.Cadastrar (Hotsite)"' (500cc934)
2023-09-14T16:16:14.7791993-03:00 0HMTLARQB63VP:00000006 [INF] Route matched with "{action = \"Cadastrar\", controller = \"Home\"}". Executing controller action with signature "Microsoft.AspNetCore.Mvc.IActionResult Cadastrar(Hotsite.Models.Interesse)" on controller "Hotsite.Controllers.HomeController" ("Hotsite"). (122b2fdf)
2023-09-14T16:16:18.8771239-03:00 0HMTLARQB63VP:00000006 [ERR] Erro ao conectar com o banco de dados!An exception has been raised that is likely due to a transient failure. Consider enabling transient error resiliency by adding 'EnableRetryOnFailure()' to the 'UseMySql' call. (b40e3643)
2023-09-14T16:16:18.8785271-03:00 0HMTLARQB63VP:00000006 [INF] Executing JsonResult, writing value of type '"<>f__AnonymousType0`2[[System.Boolean, System.Private.CoreLib, Version=4.0.0.0, Culture=neutral, PublicKeyToken=7cec85d7bea7798e],[System.String, System.Private.CoreLib, Version=4.0.0.0, Culture=neutral, PublicKeyToken=7cec85d7bea7798e]]"'. (2f513669)
2023-09-14T16:16:18.8800367-03:00 0HMTLARQB63VP:00000006 [INF] Executed action "Hotsite.Controllers.HomeController.Cadastrar (Hotsite)" in 4100.6377ms (afa2e885)
2023-09-14T16:16:18.8801184-03:00 0HMTLARQB63VP:00000006 [INF] Executed endpoint '"Hotsite.Controllers.HomeController.Cadastrar (Hotsite)"' (99874f2b)
2023-09-14T16:16:18.8803115-03:00 0HMTLARQB63VP:00000006 [INF] Request finished in 4102.4862ms 200 application/json; charset=utf-8 (791a596a)
2023-09-14T16:16:37.4181522-03:00 0HMTLARQB63VP:00000007 [INF] Request starting HTTP/1.1 POST http://localhost:5000/Home/Cadastrar application/x-www-form-urlencoded; charset=UTF-8 124 (ca22a1cb)
2023-09-14T16:16:37.4189041-03:00 0HMTLARQB63VP:00000007 [INF] Executing endpoint '"Hotsite.Controllers.HomeController.Cadastrar (Hotsite)"' (500cc934)
2023-09-14T16:16:37.4195353-03:00 0HMTLARQB63VP:00000007 [INF] Route matched with "{action = \"Cadastrar\", controller = \"Home\"}". Executing controller action with signature "Microsoft.AspNetCore.Mvc.IActionResult Cadastrar(Hotsite.Models.Interesse)" on controller "Hotsite.Controllers.HomeController" ("Hotsite"). (122b2fdf)
2023-09-14T16:16:37.7961418-03:00 0HMTLARQB63VP:00000007 [INF] Executing JsonResult, writing value of type '"<>f__AnonymousType0`2[[System.Boolean, System.Private.CoreLib, Version=4.0.0.0, Culture=neutral, PublicKeyToken=7cec85d7bea7798e],[System.String, System.Private.CoreLib, Version=4.0.0.0, Culture=neutral, PublicKeyToken=7cec85d7bea7798e]]"'. (2f513669)
2023-09-14T16:16:37.7974729-03:00 0HMTLARQB63VP:00000007 [INF] Executed action "Hotsite.Controllers.HomeController.Cadastrar (Hotsite)" in 377.7062ms (afa2e885)
2023-09-14T16:16:37.7975617-03:00 0HMTLARQB63VP:00000007 [INF] Executed endpoint '"Hotsite.Controllers.HomeController.Cadastrar (Hotsite)"' (99874f2b)
2023-09-14T16:16:37.7977213-03:00 0HMTLARQB63VP:00000007 [INF] Request finished in 379.8151ms 200 application/json; charset=utf-8 (791a596a)
2023-09-14T16:16:44.1258429-03:00 0HMTLARQB63VP:00000008 [INF] Request starting HTTP/1.1 GET http://localhost:5000/   (ca22a1cb)
2023-09-14T16:16:44.1266345-03:00 0HMTLARQB63VP:00000008 [INF] Executing endpoint '"Hotsite.Controllers.HomeController.Index (Hotsite)"' (500cc934)
2023-09-14T16:16:44.1271886-03:00 0HMTLARQB63VP:00000008 [INF] Route matched with "{action = \"Index\", controller = \"Home\"}". Executing controller action with signature "Microsoft.AspNetCore.Mvc.IActionResult Index()" on controller "Hotsite.Controllers.HomeController" ("Hotsite"). (122b2fdf)
2023-09-14T16:16:44.1280510-03:00 0HMTLARQB63VP:00000008 [INF] Executing ViewResult, running view "Index". (c83d0e25)
2023-09-14T16:16:44.1488634-03:00 0HMTLARQB63VP:00000008 [INF] Executed ViewResult - view "Index" executed in 16.6371ms. (f66409e9)
2023-09-14T16:16:44.1521750-03:00 0HMTLARQB63VP:00000008 [INF] Executed action "Hotsite.Controllers.HomeController.Index (Hotsite)" in 24.8376ms (afa2e885)
2023-09-14T16:16:44.1522909-03:00 0HMTLARQB63VP:00000008 [INF] Executed endpoint '"Hotsite.Controllers.HomeController.Index (Hotsite)"' (99874f2b)
2023-09-14T16:16:44.1595221-03:00 0HMTLARQB63VP:00000008 [INF] Request finished in 32.3527ms 200 text/html; charset=utf-8 (791a596a)
2023-09-14T16:16:44.3624430-03:00 0HMTLARQB63VP:00000009 [INF] Request starting HTTP/1.1 GET http://localhost:5000/css/site.css   (ca22a1cb)
2023-09-14T16:16:44.3624430-03:00 0HMTLARQB63VQ:00000002 [INF] Request starting HTTP/1.1 GET http://localhost:5000/js/site.js   (ca22a1cb)
2023-09-14T16:16:44.3676267-03:00 0HMTLARQB63VP:00000009 [INF] The file "/css/site.css" was not modified (f1f8d725)
2023-09-14T16:16:44.3699129-03:00 0HMTLARQB63VQ:00000002 [INF] The file "/js/site.js" was not modified (f1f8d725)
2023-09-14T16:16:44.3699811-03:00 0HMTLARQB63VP:00000009 [INF] Request finished in 7.6335ms 304 text/css (791a596a)
2023-09-14T16:16:44.3701680-03:00 0HMTLARQB63VQ:00000002 [INF] Request finished in 7.8606ms 304 application/javascript (791a596a)
2023-09-14T16:16:52.5338245-03:00 0HMTLARQB63VQ:00000003 [INF] Request starting HTTP/1.1 POST http://localhost:5000/Home/Cadastrar application/x-www-form-urlencoded; charset=UTF-8 73 (ca22a1cb)
2023-09-14T16:16:52.5345889-03:00 0HMTLARQB63VQ:00000003 [INF] Executing endpoint '"Hotsite.Controllers.HomeController.Cadastrar (Hotsite)"' (500cc934)
2023-09-14T16:16:52.5350943-03:00 0HMTLARQB63VQ:00000003 [INF] Route matched with "{action = \"Cadastrar\", controller = \"Home\"}". Executing controller action with signature "Microsoft.AspNetCore.Mvc.IActionResult Cadastrar(Hotsite.Models.Interesse)" on controller "Hotsite.Controllers.HomeController" ("Hotsite"). (122b2fdf)
2023-09-14T16:16:52.5976603-03:00 0HMTLARQB63VQ:00000003 [INF] Executing JsonResult, writing value of type '"<>f__AnonymousType0`2[[System.Boolean, System.Private.CoreLib, Version=4.0.0.0, Culture=neutral, PublicKeyToken=7cec85d7bea7798e],[System.String, System.Private.CoreLib, Version=4.0.0.0, Culture=neutral, PublicKeyToken=7cec85d7bea7798e]]"'. (2f513669)
2023-09-14T16:16:52.6010737-03:00 0HMTLARQB63VQ:00000003 [INF] Executed action "Hotsite.Controllers.HomeController.Cadastrar (Hotsite)" in 65.8236ms (afa2e885)
2023-09-14T16:16:52.6011610-03:00 0HMTLARQB63VQ:00000003 [INF] Executed endpoint '"Hotsite.Controllers.HomeController.Cadastrar (Hotsite)"' (99874f2b)
2023-09-14T16:16:52.6012966-03:00 0HMTLARQB63VQ:00000003 [INF] Request finished in 69.0485ms 200 application/json; charset=utf-8 (791a596a)
2023-09-14T16:17:01.5695913-03:00 0HMTLARQB63VQ:00000004 [INF] Request starting HTTP/1.1 GET http://localhost:5000/   (ca22a1cb)
2023-09-14T16:17:01.5700842-03:00 0HMTLARQB63VQ:00000004 [INF] Executing endpoint '"Hotsite.Controllers.HomeController.Index (Hotsite)"' (500cc934)
2023-09-14T16:17:01.5706131-03:00 0HMTLARQB63VQ:00000004 [INF] Route matched with "{action = \"Index\", controller = \"Home\"}". Executing controller action with signature "Microsoft.AspNetCore.Mvc.IActionResult Index()" on controller "Hotsite.Controllers.HomeController" ("Hotsite"). (122b2fdf)
2023-09-14T16:17:01.5712973-03:00 0HMTLARQB63VQ:00000004 [INF] Executing ViewResult, running view "Index". (c83d0e25)
2023-09-14T16:17:01.5802818-03:00 0HMTLARQB63VQ:00000004 [INF] Executed ViewResult - view "Index" executed in 9.1036ms. (f66409e9)
2023-09-14T16:17:01.5804549-03:00 0HMTLARQB63VQ:00000004 [INF] Executed action "Hotsite.Controllers.HomeController.Index (Hotsite)" in 9.712ms (afa2e885)
2023-09-14T16:17:01.5805369-03:00 0HMTLARQB63VQ:00000004 [INF] Executed endpoint '"Hotsite.Controllers.HomeController.Index (Hotsite)"' (99874f2b)
2023-09-14T16:17:01.5808886-03:00 0HMTLARQB63VQ:00000004 [INF] Request finished in 11.4121ms 200 text/html; charset=utf-8 (791a596a)
2023-09-14T16:17:08.4582599-03:00 0HMTLARQB63VQ:00000005 [INF] Request starting HTTP/1.1 POST http://localhost:5000/Home/Cadastrar application/x-www-form-urlencoded; charset=UTF-8 73 (ca22a1cb)
2023-09-14T16:17:08.4588207-03:00 0HMTLARQB63VQ:00000005 [INF] Executing endpoint '"Hotsite.Controllers.HomeController.Cadastrar (Hotsite)"' (500cc934)
2023-09-14T16:17:08.4593222-03:00 0HMTLARQB63VQ:00000005 [INF] Route matched with "{action = \"Cadastrar\", controller = \"Home\"}". Executing controller action with signature "Microsoft.AspNetCore.Mvc.IActionResult Cadastrar(Hotsite.Models.Interesse)" on controller "Hotsite.Controllers.HomeController" ("Hotsite"). (122b2fdf)
2023-09-14T16:17:12.5410140-03:00 0HMTLARQB63VQ:00000005 [ERR] Erro ao conectar com o banco de dados!An exception has been raised that is likely due to a transient failure. Consider enabling transient error resiliency by adding 'EnableRetryOnFailure()' to the 'UseMySql' call. (b40e3643)
2023-09-14T16:17:12.5419641-03:00 0HMTLARQB63VQ:00000005 [INF] Executing JsonResult, writing value of type '"<>f__AnonymousType0`2[[System.Boolean, System.Private.CoreLib, Version=4.0.0.0, Culture=neutral, PublicKeyToken=7cec85d7bea7798e],[System.String, System.Private.CoreLib, Version=4.0.0.0, Culture=neutral, PublicKeyToken=7cec85d7bea7798e]]"'. (2f513669)
2023-09-14T16:17:12.5431530-03:00 0HMTLARQB63VQ:00000005 [INF] Executed action "Hotsite.Controllers.HomeController.Cadastrar (Hotsite)" in 4083.6845ms (afa2e885)
2023-09-14T16:17:12.5432307-03:00 0HMTLARQB63VQ:00000005 [INF] Executed endpoint '"Hotsite.Controllers.HomeController.Cadastrar (Hotsite)"' (99874f2b)
2023-09-14T16:17:12.5434348-03:00 0HMTLARQB63VQ:00000005 [INF] Request finished in 4085.2683ms 200 application/json; charset=utf-8 (791a596a)
2023-09-14T16:17:36.7937359-03:00 0HMTLARQB63VQ:00000006 [INF] Request starting HTTP/1.1 POST http://localhost:5000/Home/Cadastrar application/x-www-form-urlencoded; charset=UTF-8 73 (ca22a1cb)
2023-09-14T16:17:36.7942286-03:00 0HMTLARQB63VQ:00000006 [INF] Executing endpoint '"Hotsite.Controllers.HomeController.Cadastrar (Hotsite)"' (500cc934)
2023-09-14T16:17:36.7946821-03:00 0HMTLARQB63VQ:00000006 [INF] Route matched with "{action = \"Cadastrar\", controller = \"Home\"}". Executing controller action with signature "Microsoft.AspNetCore.Mvc.IActionResult Cadastrar(Hotsite.Models.Interesse)" on controller "Hotsite.Controllers.HomeController" ("Hotsite"). (122b2fdf)
2023-09-14T16:17:40.8549998-03:00 0HMTLARQB63VQ:00000006 [ERR] Erro ao conectar com o banco de dados!An exception has been raised that is likely due to a transient failure. Consider enabling transient error resiliency by adding 'EnableRetryOnFailure()' to the 'UseMySql' call. (b40e3643)
2023-09-14T16:17:40.8558059-03:00 0HMTLARQB63VQ:00000006 [INF] Executing JsonResult, writing value of type '"<>f__AnonymousType0`2[[System.Boolean, System.Private.CoreLib, Version=4.0.0.0, Culture=neutral, PublicKeyToken=7cec85d7bea7798e],[System.String, System.Private.CoreLib, Version=4.0.0.0, Culture=neutral, PublicKeyToken=7cec85d7bea7798e]]"'. (2f513669)
2023-09-14T16:17:40.8571325-03:00 0HMTLARQB63VQ:00000006 [INF] Executed action "Hotsite.Controllers.HomeController.Cadastrar (Hotsite)" in 4062.3173ms (afa2e885)
2023-09-14T16:17:40.8572050-03:00 0HMTLARQB63VQ:00000006 [INF] Executed endpoint '"Hotsite.Controllers.HomeController.Cadastrar (Hotsite)"' (99874f2b)
2023-09-14T16:17:40.8574530-03:00 0HMTLARQB63VQ:00000006 [INF] Request finished in 4063.767ms 200 application/json; charset=utf-8 (791a596a)
2023-09-14T16:20:30.1798797-03:00  [INF] Application is shutting down... (90f52c38)
2023-09-14T16:20:37.0285150-03:00  [INF] Now listening on: "http://localhost:5000" (d826f4b8)
2023-09-14T16:20:37.0421498-03:00  [INF] Application started. Press Ctrl+C to shut down. (dcaefe54)
2023-09-14T16:20:37.0423083-03:00  [INF] Hosting environment: "Development" (c3307c92)
2023-09-14T16:20:37.0423715-03:00  [INF] Content root path: "C:\Users\josiane\OneDrive\tii-jacir\projetohotsite" (b5d60022)
2023-09-14T16:21:05.5269593-03:00 0HMTLAUUT1HIN:00000001 [INF] Request starting HTTP/1.1 GET http://localhost:5000/   (ca22a1cb)
2023-09-14T16:21:05.5962169-03:00 0HMTLAUUT1HIN:00000001 [INF] Executing endpoint '"Hotsite.Controllers.HomeController.Index (Hotsite)"' (500cc934)
2023-09-14T16:21:05.7941429-03:00 0HMTLAUUT1HIN:00000001 [INF] Route matched with "{action = \"Index\", controller = \"Home\"}". Executing controller action with signature "Microsoft.AspNetCore.Mvc.IActionResult Index()" on controller "Hotsite.Controllers.HomeController" ("Hotsite"). (122b2fdf)
2023-09-14T16:21:05.8465063-03:00 0HMTLAUUT1HIN:00000001 [INF] Executing ViewResult, running view "Index". (c83d0e25)
2023-09-14T16:21:06.0716305-03:00 0HMTLAUUT1HIN:00000001 [INF] Executed ViewResult - view "Index" executed in 229.4449ms. (f66409e9)
2023-09-14T16:21:06.0721936-03:00 0HMTLAUUT1HIN:00000001 [INF] Executed action "Hotsite.Controllers.HomeController.Index (Hotsite)" in 277.179ms (afa2e885)
2023-09-14T16:21:06.0729517-03:00 0HMTLAUUT1HIN:00000001 [INF] Executed endpoint '"Hotsite.Controllers.HomeController.Index (Hotsite)"' (99874f2b)
2023-09-14T16:21:06.0772552-03:00 0HMTLAUUT1HIN:00000001 [INF] Request finished in 555.8593ms 200 text/html; charset=utf-8 (791a596a)
2023-09-14T16:21:06.2051417-03:00 0HMTLAUUT1HIN:00000002 [INF] Request starting HTTP/1.1 GET http://localhost:5000/css/site.css   (ca22a1cb)
2023-09-14T16:21:06.2124312-03:00 0HMTLAUUT1HIO:00000001 [INF] Request starting HTTP/1.1 GET http://localhost:5000/js/site.js   (ca22a1cb)
2023-09-14T16:21:06.2671416-03:00 0HMTLAUUT1HIO:00000001 [INF] Sending file. Request path: '"/js/site.js"'. Physical path: '"C:\Users\josiane\OneDrive\tii-jacir\projetohotsite\wwwroot\js\site.js"' (27b0a520)
2023-09-14T16:21:06.2671416-03:00 0HMTLAUUT1HIN:00000002 [INF] Sending file. Request path: '"/css/site.css"'. Physical path: '"C:\Users\josiane\OneDrive\tii-jacir\projetohotsite\wwwroot\css\site.css"' (27b0a520)
2023-09-14T16:21:06.2672974-03:00 0HMTLAUUT1HIO:00000001 [INF] Request finished in 54.8758ms 200 application/javascript (791a596a)
2023-09-14T16:21:06.2672975-03:00 0HMTLAUUT1HIN:00000002 [INF] Request finished in 62.1909ms 200 text/css (791a596a)
2023-09-14T16:21:31.8702856-03:00 0HMTLAUUT1HIN:00000003 [INF] Request starting HTTP/1.1 POST http://localhost:5000/Home/Cadastrar application/x-www-form-urlencoded; charset=UTF-8 47 (ca22a1cb)
2023-09-14T16:21:31.8747648-03:00 0HMTLAUUT1HIN:00000003 [INF] Executing endpoint '"Hotsite.Controllers.HomeController.Cadastrar (Hotsite)"' (500cc934)
2023-09-14T16:21:31.8975840-03:00 0HMTLAUUT1HIN:00000003 [INF] Route matched with "{action = \"Cadastrar\", controller = \"Home\"}". Executing controller action with signature "Microsoft.AspNetCore.Mvc.IActionResult Cadastrar(Hotsite.Models.Interesse)" on controller "Hotsite.Controllers.HomeController" ("Hotsite"). (122b2fdf)
2023-09-14T16:21:36.8170043-03:00 0HMTLAUUT1HIN:00000003 [ERR] Erro ao conectar com o banco de dados!An exception has been raised that is likely due to a transient failure. Consider enabling transient error resiliency by adding 'EnableRetryOnFailure()' to the 'UseMySql' call. (b40e3643)
2023-09-14T16:21:36.8351167-03:00 0HMTLAUUT1HIN:00000003 [INF] Executing JsonResult, writing value of type '"<>f__AnonymousType0`2[[System.Boolean, System.Private.CoreLib, Version=4.0.0.0, Culture=neutral, PublicKeyToken=7cec85d7bea7798e],[System.String, System.Private.CoreLib, Version=4.0.0.0, Culture=neutral, PublicKeyToken=7cec85d7bea7798e]]"'. (2f513669)
2023-09-14T16:21:36.8478073-03:00 0HMTLAUUT1HIN:00000003 [INF] Executed action "Hotsite.Controllers.HomeController.Cadastrar (Hotsite)" in 4950.0032ms (afa2e885)
2023-09-14T16:21:36.8482993-03:00 0HMTLAUUT1HIN:00000003 [INF] Executed endpoint '"Hotsite.Controllers.HomeController.Cadastrar (Hotsite)"' (99874f2b)
2023-09-14T16:21:36.8515256-03:00 0HMTLAUUT1HIN:00000003 [INF] Request finished in 4981.5898ms 200 application/json; charset=utf-8 (791a596a)
2023-09-14T16:21:40.6976553-03:00 0HMTLAUUT1HIN:00000004 [INF] Request starting HTTP/1.1 POST http://localhost:5000/Home/Cadastrar application/x-www-form-urlencoded; charset=UTF-8 47 (ca22a1cb)
2023-09-14T16:21:40.7019020-03:00 0HMTLAUUT1HIN:00000004 [INF] Executing endpoint '"Hotsite.Controllers.HomeController.Cadastrar (Hotsite)"' (500cc934)
2023-09-14T16:21:40.7032431-03:00 0HMTLAUUT1HIN:00000004 [INF] Route matched with "{action = \"Cadastrar\", controller = \"Home\"}". Executing controller action with signature "Microsoft.AspNetCore.Mvc.IActionResult Cadastrar(Hotsite.Models.Interesse)" on controller "Hotsite.Controllers.HomeController" ("Hotsite"). (122b2fdf)
2023-09-14T16:21:44.8184519-03:00 0HMTLAUUT1HIN:00000004 [ERR] Erro ao conectar com o banco de dados!An exception has been raised that is likely due to a transient failure. Consider enabling transient error resiliency by adding 'EnableRetryOnFailure()' to the 'UseMySql' call. (b40e3643)
2023-09-14T16:21:44.8202911-03:00 0HMTLAUUT1HIN:00000004 [INF] Executing JsonResult, writing value of type '"<>f__AnonymousType0`2[[System.Boolean, System.Private.CoreLib, Version=4.0.0.0, Culture=neutral, PublicKeyToken=7cec85d7bea7798e],[System.String, System.Private.CoreLib, Version=4.0.0.0, Culture=neutral, PublicKeyToken=7cec85d7bea7798e]]"'. (2f513669)
2023-09-14T16:21:44.8218170-03:00 0HMTLAUUT1HIN:00000004 [INF] Executed action "Hotsite.Controllers.HomeController.Cadastrar (Hotsite)" in 4118.25ms (afa2e885)
2023-09-14T16:21:44.8219137-03:00 0HMTLAUUT1HIN:00000004 [INF] Executed endpoint '"Hotsite.Controllers.HomeController.Cadastrar (Hotsite)"' (99874f2b)
2023-09-14T16:21:44.8220871-03:00 0HMTLAUUT1HIN:00000004 [INF] Request finished in 4125.0774ms 200 application/json; charset=utf-8 (791a596a)
2023-09-14T16:21:52.2944392-03:00 0HMTLAUUT1HIN:00000005 [INF] Request starting HTTP/1.1 POST http://localhost:5000/Home/Cadastrar application/x-www-form-urlencoded; charset=UTF-8 47 (ca22a1cb)
2023-09-14T16:21:52.2954123-03:00 0HMTLAUUT1HIN:00000005 [INF] Executing endpoint '"Hotsite.Controllers.HomeController.Cadastrar (Hotsite)"' (500cc934)
2023-09-14T16:21:52.2962240-03:00 0HMTLAUUT1HIN:00000005 [INF] Route matched with "{action = \"Cadastrar\", controller = \"Home\"}". Executing controller action with signature "Microsoft.AspNetCore.Mvc.IActionResult Cadastrar(Hotsite.Models.Interesse)" on controller "Hotsite.Controllers.HomeController" ("Hotsite"). (122b2fdf)
2023-09-14T16:21:52.9613279-03:00 0HMTLAUUT1HIN:00000005 [INF] Executing JsonResult, writing value of type '"<>f__AnonymousType0`2[[System.Boolean, System.Private.CoreLib, Version=4.0.0.0, Culture=neutral, PublicKeyToken=7cec85d7bea7798e],[System.String, System.Private.CoreLib, Version=4.0.0.0, Culture=neutral, PublicKeyToken=7cec85d7bea7798e]]"'. (2f513669)
2023-09-14T16:21:52.9626097-03:00 0HMTLAUUT1HIN:00000005 [INF] Executed action "Hotsite.Controllers.HomeController.Cadastrar (Hotsite)" in 666.1183ms (afa2e885)
2023-09-14T16:21:52.9626924-03:00 0HMTLAUUT1HIN:00000005 [INF] Executed endpoint '"Hotsite.Controllers.HomeController.Cadastrar (Hotsite)"' (99874f2b)
2023-09-14T16:21:52.9628416-03:00 0HMTLAUUT1HIN:00000005 [INF] Request finished in 668.8106ms 200 application/json; charset=utf-8 (791a596a)
2023-09-14T16:23:24.1175430-03:00 0HMTLAUUT1HIN:00000006 [INF] Request starting HTTP/1.1 GET http://localhost:5000/   (ca22a1cb)
2023-09-14T16:23:24.1190315-03:00 0HMTLAUUT1HIN:00000006 [INF] Executing endpoint '"Hotsite.Controllers.HomeController.Index (Hotsite)"' (500cc934)
2023-09-14T16:23:24.1197966-03:00 0HMTLAUUT1HIN:00000006 [INF] Route matched with "{action = \"Index\", controller = \"Home\"}". Executing controller action with signature "Microsoft.AspNetCore.Mvc.IActionResult Index()" on controller "Hotsite.Controllers.HomeController" ("Hotsite"). (122b2fdf)
2023-09-14T16:23:24.1218993-03:00 0HMTLAUUT1HIN:00000006 [INF] Executing ViewResult, running view "Index". (c83d0e25)
2023-09-14T16:23:24.1312655-03:00 0HMTLAUUT1HIN:00000006 [INF] Executed ViewResult - view "Index" executed in 10.4096ms. (f66409e9)
2023-09-14T16:23:24.1314229-03:00 0HMTLAUUT1HIN:00000006 [INF] Executed action "Hotsite.Controllers.HomeController.Index (Hotsite)" in 11.4517ms (afa2e885)
2023-09-14T16:23:24.1315017-03:00 0HMTLAUUT1HIN:00000006 [INF] Executed endpoint '"Hotsite.Controllers.HomeController.Index (Hotsite)"' (99874f2b)
2023-09-14T16:23:24.1317060-03:00 0HMTLAUUT1HIN:00000006 [INF] Request finished in 14.607ms 200 text/html; charset=utf-8 (791a596a)
2023-09-14T16:23:24.3058798-03:00 0HMTLAUUT1HIN:00000007 [INF] Request starting HTTP/1.1 GET http://localhost:5000/css/site.css   (ca22a1cb)
2023-09-14T16:23:24.3125987-03:00 0HMTLAUUT1HIN:00000007 [INF] Sending file. Request path: '"/css/site.css"'. Physical path: '"C:\Users\josiane\OneDrive\tii-jacir\projetohotsite\wwwroot\css\site.css"' (27b0a520)
2023-09-14T16:23:24.3127003-03:00 0HMTLAUUT1HIN:00000007 [INF] Request finished in 14.4248ms 200 text/css (791a596a)
2023-09-14T16:23:24.3202670-03:00 0HMTLAUUT1HIP:00000001 [INF] Request starting HTTP/1.1 GET http://localhost:5000/js/site.js   (ca22a1cb)
2023-09-14T16:23:24.3213863-03:00 0HMTLAUUT1HIP:00000001 [INF] The file "/js/site.js" was not modified (f1f8d725)
2023-09-14T16:23:24.3228926-03:00 0HMTLAUUT1HIP:00000001 [INF] Request finished in 2.6077ms 304 application/javascript (791a596a)
2023-09-14T16:23:31.2020002-03:00 0HMTLAUUT1HIP:00000002 [INF] Request starting HTTP/1.1 POST http://localhost:5000/Home/Cadastrar application/x-www-form-urlencoded; charset=UTF-8 47 (ca22a1cb)
2023-09-14T16:23:31.2031943-03:00 0HMTLAUUT1HIP:00000002 [INF] Executing endpoint '"Hotsite.Controllers.HomeController.Cadastrar (Hotsite)"' (500cc934)
2023-09-14T16:23:31.2039368-03:00 0HMTLAUUT1HIP:00000002 [INF] Route matched with "{action = \"Cadastrar\", controller = \"Home\"}". Executing controller action with signature "Microsoft.AspNetCore.Mvc.IActionResult Cadastrar(Hotsite.Models.Interesse)" on controller "Hotsite.Controllers.HomeController" ("Hotsite"). (122b2fdf)
2023-09-14T16:23:31.3123359-03:00 0HMTLAUUT1HIP:00000002 [INF] Executing JsonResult, writing value of type '"<>f__AnonymousType0`2[[System.Boolean, System.Private.CoreLib, Version=4.0.0.0, Culture=neutral, PublicKeyToken=7cec85d7bea7798e],[System.String, System.Private.CoreLib, Version=4.0.0.0, Culture=neutral, PublicKeyToken=7cec85d7bea7798e]]"'. (2f513669)
2023-09-14T16:23:31.3135852-03:00 0HMTLAUUT1HIP:00000002 [INF] Executed action "Hotsite.Controllers.HomeController.Cadastrar (Hotsite)" in 109.0436ms (afa2e885)
2023-09-14T16:23:31.3136650-03:00 0HMTLAUUT1HIP:00000002 [INF] Executed endpoint '"Hotsite.Controllers.HomeController.Cadastrar (Hotsite)"' (99874f2b)
2023-09-14T16:23:31.3139975-03:00 0HMTLAUUT1HIP:00000002 [INF] Request finished in 112.5122ms 200 application/json; charset=utf-8 (791a596a)
2023-09-14T16:23:34.6869939-03:00 0HMTLAUUT1HIP:00000003 [INF] Request starting HTTP/1.1 GET http://localhost:5000/   (ca22a1cb)
2023-09-14T16:23:34.6876139-03:00 0HMTLAUUT1HIP:00000003 [INF] Executing endpoint '"Hotsite.Controllers.HomeController.Index (Hotsite)"' (500cc934)
2023-09-14T16:23:34.6881853-03:00 0HMTLAUUT1HIP:00000003 [INF] Route matched with "{action = \"Index\", controller = \"Home\"}". Executing controller action with signature "Microsoft.AspNetCore.Mvc.IActionResult Index()" on controller "Hotsite.Controllers.HomeController" ("Hotsite"). (122b2fdf)
2023-09-14T16:23:34.6889086-03:00 0HMTLAUUT1HIP:00000003 [INF] Executing ViewResult, running view "Index". (c83d0e25)
2023-09-14T16:23:34.6933477-03:00 0HMTLAUUT1HIP:00000003 [INF] Executed ViewResult - view "Index" executed in 4.5233ms. (f66409e9)
2023-09-14T16:23:34.6934894-03:00 0HMTLAUUT1HIP:00000003 [INF] Executed action "Hotsite.Controllers.HomeController.Index (Hotsite)" in 5.2178ms (afa2e885)
2023-09-14T16:23:34.6935545-03:00 0HMTLAUUT1HIP:00000003 [INF] Executed endpoint '"Hotsite.Controllers.HomeController.Index (Hotsite)"' (99874f2b)
2023-09-14T16:23:34.6937310-03:00 0HMTLAUUT1HIP:00000003 [INF] Request finished in 6.8687ms 200 text/html; charset=utf-8 (791a596a)
2023-09-14T16:23:34.8065015-03:00 0HMTLAUUT1HIP:00000004 [INF] Request starting HTTP/1.1 GET http://localhost:5000/css/site.css   (ca22a1cb)
2023-09-14T16:23:34.8083015-03:00 0HMTLAUUT1HIP:00000004 [INF] The file "/css/site.css" was not modified (f1f8d725)
2023-09-14T16:23:34.8085093-03:00 0HMTLAUUT1HIP:00000004 [INF] Request finished in 2.0809ms 304 text/css (791a596a)
2023-09-14T16:23:44.4431223-03:00  [INF] Application is shutting down... (90f52c38)
2023-09-14T16:23:50.7102497-03:00  [INF] Now listening on: "http://localhost:5000" (d826f4b8)
2023-09-14T16:23:50.7285033-03:00  [INF] Application started. Press Ctrl+C to shut down. (dcaefe54)
2023-09-14T16:23:50.7286766-03:00  [INF] Hosting environment: "Development" (c3307c92)
2023-09-14T16:23:50.7287116-03:00  [INF] Content root path: "C:\Users\josiane\OneDrive\tii-jacir\projetohotsite" (b5d60022)
2023-09-14T16:24:31.7439956-03:00 0HMTLB0SC55TT:00000001 [INF] Request starting HTTP/1.1 POST http://localhost:5000/Home/Cadastrar application/x-www-form-urlencoded; charset=UTF-8 70 (ca22a1cb)
2023-09-14T16:24:31.8125233-03:00 0HMTLB0SC55TT:00000001 [INF] Executing endpoint '"Hotsite.Controllers.HomeController.Cadastrar (Hotsite)"' (500cc934)
2023-09-14T16:24:31.9210438-03:00 0HMTLB0SC55TT:00000001 [INF] Route matched with "{action = \"Cadastrar\", controller = \"Home\"}". Executing controller action with signature "Microsoft.AspNetCore.Mvc.IActionResult Cadastrar(Hotsite.Models.Interesse)" on controller "Hotsite.Controllers.HomeController" ("Hotsite"). (122b2fdf)
2023-09-14T16:24:32.9819795-03:00 0HMTLB0SC55TT:00000001 [INF] Executing JsonResult, writing value of type '"<>f__AnonymousType0`2[[System.Boolean, System.Private.CoreLib, Version=4.0.0.0, Culture=neutral, PublicKeyToken=7cec85d7bea7798e],[System.String, System.Private.CoreLib, Version=4.0.0.0, Culture=neutral, PublicKeyToken=7cec85d7bea7798e]]"'. (2f513669)
2023-09-14T16:24:33.0038168-03:00 0HMTLB0SC55TT:00000001 [INF] Executed action "Hotsite.Controllers.HomeController.Cadastrar (Hotsite)" in 1071.6884ms (afa2e885)
2023-09-14T16:24:33.0045817-03:00 0HMTLB0SC55TT:00000001 [INF] Executed endpoint '"Hotsite.Controllers.HomeController.Cadastrar (Hotsite)"' (99874f2b)
2023-09-14T16:24:33.0054013-03:00 0HMTLB0SC55TT:00000001 [INF] Request finished in 1266.6224ms 200 application/json; charset=utf-8 (791a596a)
2023-09-14T16:24:47.6477148-03:00 0HMTLB0SC55TT:00000002 [INF] Request starting HTTP/1.1 POST http://localhost:5000/Home/Cadastrar application/x-www-form-urlencoded; charset=UTF-8 70 (ca22a1cb)
2023-09-14T16:24:47.6521097-03:00 0HMTLB0SC55TT:00000002 [INF] Executing endpoint '"Hotsite.Controllers.HomeController.Cadastrar (Hotsite)"' (500cc934)
2023-09-14T16:24:47.6555189-03:00 0HMTLB0SC55TT:00000002 [INF] Route matched with "{action = \"Cadastrar\", controller = \"Home\"}". Executing controller action with signature "Microsoft.AspNetCore.Mvc.IActionResult Cadastrar(Hotsite.Models.Interesse)" on controller "Hotsite.Controllers.HomeController" ("Hotsite"). (122b2fdf)
2023-09-14T16:24:47.9034355-03:00 0HMTLB0SC55TT:00000002 [INF] Executing JsonResult, writing value of type '"<>f__AnonymousType0`2[[System.Boolean, System.Private.CoreLib, Version=4.0.0.0, Culture=neutral, PublicKeyToken=7cec85d7bea7798e],[System.String, System.Private.CoreLib, Version=4.0.0.0, Culture=neutral, PublicKeyToken=7cec85d7bea7798e]]"'. (2f513669)
2023-09-14T16:24:47.9046154-03:00 0HMTLB0SC55TT:00000002 [INF] Executed action "Hotsite.Controllers.HomeController.Cadastrar (Hotsite)" in 248.8752ms (afa2e885)
2023-09-14T16:24:47.9046990-03:00 0HMTLB0SC55TT:00000002 [INF] Executed endpoint '"Hotsite.Controllers.HomeController.Cadastrar (Hotsite)"' (99874f2b)
2023-09-14T16:24:47.9048797-03:00 0HMTLB0SC55TT:00000002 [INF] Request finished in 257.4648ms 200 application/json; charset=utf-8 (791a596a)
2023-09-14T16:25:06.1696610-03:00 0HMTLB0SC55TT:00000003 [INF] Request starting HTTP/1.1 GET http://localhost:5000/   (ca22a1cb)
2023-09-14T16:25:06.1710876-03:00 0HMTLB0SC55TT:00000003 [INF] Executing endpoint '"Hotsite.Controllers.HomeController.Index (Hotsite)"' (500cc934)
2023-09-14T16:25:06.1742703-03:00 0HMTLB0SC55TT:00000003 [INF] Route matched with "{action = \"Index\", controller = \"Home\"}". Executing controller action with signature "Microsoft.AspNetCore.Mvc.IActionResult Index()" on controller "Hotsite.Controllers.HomeController" ("Hotsite"). (122b2fdf)
2023-09-14T16:25:06.2274872-03:00 0HMTLB0SC55TT:00000003 [INF] Executing ViewResult, running view "Index". (c83d0e25)
2023-09-14T16:25:06.4213344-03:00 0HMTLB0SC55TT:00000003 [INF] Executed ViewResult - view "Index" executed in 209.2753ms. (f66409e9)
2023-09-14T16:25:06.4215519-03:00 0HMTLB0SC55TT:00000003 [INF] Executed action "Hotsite.Controllers.HomeController.Index (Hotsite)" in 246.6774ms (afa2e885)
2023-09-14T16:25:06.4216871-03:00 0HMTLB0SC55TT:00000003 [INF] Executed endpoint '"Hotsite.Controllers.HomeController.Index (Hotsite)"' (99874f2b)
2023-09-14T16:25:06.4247849-03:00 0HMTLB0SC55TT:00000003 [INF] Request finished in 256.221ms 200 text/html; charset=utf-8 (791a596a)
2023-09-14T16:25:06.5047573-03:00 0HMTLB0SC55TV:00000001 [INF] Request starting HTTP/1.1 GET http://localhost:5000/css/site.css   (ca22a1cb)
2023-09-14T16:25:06.5082833-03:00 0HMTLB0SC55TU:00000001 [INF] Request starting HTTP/1.1 GET http://localhost:5000/js/site.js   (ca22a1cb)
2023-09-14T16:25:06.5177239-03:00 0HMTLB0SC55TU:00000001 [INF] The file "/js/site.js" was not modified (f1f8d725)
2023-09-14T16:25:06.5200175-03:00 0HMTLB0SC55TU:00000001 [INF] Request finished in 11.7196ms 304 application/javascript (791a596a)
2023-09-14T16:25:06.6025462-03:00 0HMTLB0SC55TV:00000001 [INF] Sending file. Request path: '"/css/site.css"'. Physical path: '"C:\Users\josiane\OneDrive\tii-jacir\projetohotsite\wwwroot\css\site.css"' (27b0a520)
2023-09-14T16:25:06.6026579-03:00 0HMTLB0SC55TV:00000001 [INF] Request finished in 105.2446ms 200 text/css (791a596a)
2023-09-14T16:25:12.2337516-03:00 0HMTLB0SC55TV:00000002 [INF] Request starting HTTP/1.1 POST http://localhost:5000/Home/Cadastrar application/x-www-form-urlencoded; charset=UTF-8 58 (ca22a1cb)
2023-09-14T16:25:12.2348597-03:00 0HMTLB0SC55TV:00000002 [INF] Executing endpoint '"Hotsite.Controllers.HomeController.Cadastrar (Hotsite)"' (500cc934)
2023-09-14T16:25:12.2357449-03:00 0HMTLB0SC55TV:00000002 [INF] Route matched with "{action = \"Cadastrar\", controller = \"Home\"}". Executing controller action with signature "Microsoft.AspNetCore.Mvc.IActionResult Cadastrar(Hotsite.Models.Interesse)" on controller "Hotsite.Controllers.HomeController" ("Hotsite"). (122b2fdf)
2023-09-14T16:25:12.3342254-03:00 0HMTLB0SC55TV:00000002 [INF] Executing JsonResult, writing value of type '"<>f__AnonymousType0`2[[System.Boolean, System.Private.CoreLib, Version=4.0.0.0, Culture=neutral, PublicKeyToken=7cec85d7bea7798e],[System.String, System.Private.CoreLib, Version=4.0.0.0, Culture=neutral, PublicKeyToken=7cec85d7bea7798e]]"'. (2f513669)
2023-09-14T16:25:12.3358110-03:00 0HMTLB0SC55TV:00000002 [INF] Executed action "Hotsite.Controllers.HomeController.Cadastrar (Hotsite)" in 99.649ms (afa2e885)
2023-09-14T16:25:12.3359115-03:00 0HMTLB0SC55TV:00000002 [INF] Executed endpoint '"Hotsite.Controllers.HomeController.Cadastrar (Hotsite)"' (99874f2b)
2023-09-14T16:25:12.3360942-03:00 0HMTLB0SC55TV:00000002 [INF] Request finished in 102.9517ms 200 application/json; charset=utf-8 (791a596a)
2023-09-14T16:25:37.8628946-03:00 0HMTLB0SC55TV:00000003 [INF] Request starting HTTP/1.1 POST http://localhost:5000/Home/Cadastrar application/x-www-form-urlencoded; charset=UTF-8 70 (ca22a1cb)
2023-09-14T16:25:37.8659681-03:00 0HMTLB0SC55TV:00000003 [INF] Executing endpoint '"Hotsite.Controllers.HomeController.Cadastrar (Hotsite)"' (500cc934)
2023-09-14T16:25:37.8669705-03:00 0HMTLB0SC55TV:00000003 [INF] Route matched with "{action = \"Cadastrar\", controller = \"Home\"}". Executing controller action with signature "Microsoft.AspNetCore.Mvc.IActionResult Cadastrar(Hotsite.Models.Interesse)" on controller "Hotsite.Controllers.HomeController" ("Hotsite"). (122b2fdf)
2023-09-14T16:25:41.9806757-03:00 0HMTLB0SC55TV:00000003 [ERR] Erro ao conectar com o banco de dados!An exception has been raised that is likely due to a transient failure. Consider enabling transient error resiliency by adding 'EnableRetryOnFailure()' to the 'UseMySql' call. (b40e3643)
2023-09-14T16:25:41.9824371-03:00 0HMTLB0SC55TV:00000003 [INF] Executing JsonResult, writing value of type '"<>f__AnonymousType0`2[[System.Boolean, System.Private.CoreLib, Version=4.0.0.0, Culture=neutral, PublicKeyToken=7cec85d7bea7798e],[System.String, System.Private.CoreLib, Version=4.0.0.0, Culture=neutral, PublicKeyToken=7cec85d7bea7798e]]"'. (2f513669)
2023-09-14T16:25:41.9838514-03:00 0HMTLB0SC55TV:00000003 [INF] Executed action "Hotsite.Controllers.HomeController.Cadastrar (Hotsite)" in 4116.5705ms (afa2e885)
2023-09-14T16:25:41.9839419-03:00 0HMTLB0SC55TV:00000003 [INF] Executed endpoint '"Hotsite.Controllers.HomeController.Cadastrar (Hotsite)"' (99874f2b)
2023-09-14T16:25:41.9841120-03:00 0HMTLB0SC55TV:00000003 [INF] Request finished in 4121.5098ms 200 application/json; charset=utf-8 (791a596a)
2023-09-14T16:26:32.2039433-03:00  [INF] Application is shutting down... (90f52c38)
